<?xml version="1.0" encoding="UTF-8"?>
<!-- Generated by org.testng.reporters.JUnitXMLReporter -->
<testsuite ignored="1" hostname="Sachins-MacBook-Pro.local" failures="0" tests="26" name="Chrome" time="34.653" errors="0" timestamp="2023-09-29T14:36:38 EDT">
  <testcase classname="com.askomdch.testcases.HomeTest" name="testArticleImageTwo" time="0.182"/>
  <testcase classname="com.askomdch.testcases.HomeTest" name="testArticleOneShopNowLinkHrefAttr" time="0.07"/>
  <testcase classname="com.askomdch.testcases.HomeTest" name="testArticleImageOne" time="0.161"/>
  <testcase classname="com.askomdch.testcases.HomeTest" name="testArticleOneHeaderText" time="0.051"/>
  <testcase classname="com.askomdch.testcases.HomeTest" name="testArticleOneParagraphText" time="0.196"/>
  <testcase classname="com.askomdch.testcases.HomeTest" name="testArticleTwoParagraphText" time="0.06"/>
  <testcase classname="com.askomdch.testcases.HomeTest" name="testArticleTwoHeaderText" time="0.066"/>
  <testcase classname="com.askomdch.testcases.HomeTest" name="testArticleOneShopNowLinkText" time="0.031"/>
  <testcase classname="com.askomdch.testcases.HomeTest" name="testArticleTwoShopNowLinkText" time="0.37"/>
  <testcase classname="com.askomdch.testcases.HomeTest" name="testArticleTwoShopNowLinkHrefAttr" time="0.068"/>
  <testcase classname="com.askomdch.testcases.HomeTest" name="testClickingOnFindMoreLinkOpensContactUsPage" time="1.305"/>
  <testcase classname="com.askomdch.testcases.HomeTest" name="testClickingOnShopNowLinkOpensProductCategoryMenPage" time="2.621"/>
  <testcase classname="com.askomdch.testcases.HomeTest" name="testClickingOnShopNowLinkOpensProductCategoryWomenPage" time="3.538"/>
  <testcase classname="com.askomdch.testcases.HomeTest" name="testEmptyCartText" time="0.251"/>
  <testcase classname="com.askomdch.testcases.HomeTest" name="testFindMoreHrefAttr" time="0.056"/>
  <testcase classname="com.askomdch.testcases.HomeTest" name="testClickingOnShopNowLinkOpensStorePage" time="2.971"/>
  <testcase classname="com.askomdch.testcases.HomeTest" name="testLogoText" time="0.068"/>
  <testcase classname="com.askomdch.testcases.HomeTest" name="testNavbarContentText" time="0.126"/>
  <testcase classname="com.askomdch.testcases.HomeTest" name="testFindMoreLinkText" time="0.068"/>
  <testcase classname="com.askomdch.testcases.HomeTest" name="testPageHeaderFontWeight" time="0.072"/>
  <testcase classname="com.askomdch.testcases.HomeTest" name="testPageHeaderText" time="0.094"/>
  <testcase classname="com.askomdch.testcases.HomeTest" name="testShopNowHrefAttr" time="0.046"/>
  <testcase classname="com.askomdch.testcases.HomeTest" name="testPageSubHeaderText" time="0.046"/>
  <testcase classname="com.askomdch.testcases.HomeTest" name="testShopNowLinkText" time="0.031"/>
  <testcase classname="com.askomdch.testcases.HomeTest" name="testPageTitle" time="0.034"/>
  <testcase classname="com.askomdch.testcases.HomeTest" name="testStoreHeaderText" time="0.949"/>
  <testcase classname="com.askomdch.testcases.HomeTest" name="testCartPopUpText" time="0.0">
    <ignored/>
  </testcase> <!-- testCartPopUpText -->
</testsuite> <!-- Chrome -->
