<?xml version="1.0" encoding="UTF-8"?>
<!-- Generated by org.testng.reporters.JUnitXMLReporter -->
<testsuite ignored="1" hostname="Sachins-MacBook-Pro.local" failures="0" tests="27" name="Chrome" time="37.21" errors="0" timestamp="2023-09-29T21:39:03 EDT">
  <testcase classname="com.askomdch.testcases.HomeTest" name="testArticleOneParagraphText" time="0.164"/>
  <testcase classname="com.askomdch.testcases.HomeTest" name="testArticleOneShopNowLinkHrefAttr" time="0.063"/>
  <testcase classname="com.askomdch.testcases.HomeTest" name="testArticleOneHeaderText" time="0.071"/>
  <testcase classname="com.askomdch.testcases.HomeTest" name="testArticleImageOne" time="0.048"/>
  <testcase classname="com.askomdch.testcases.HomeTest" name="testArticleImageTwo" time="0.103"/>
  <testcase classname="com.askomdch.testcases.HomeTest" name="testArticleTwoShopNowLinkText" time="0.069"/>
  <testcase classname="com.askomdch.testcases.HomeTest" name="testArticleTwoHeaderText" time="0.118"/>
  <testcase classname="com.askomdch.testcases.HomeTest" name="testArticleOneShopNowLinkText" time="0.091"/>
  <testcase classname="com.askomdch.testcases.HomeTest" name="testArticleTwoShopNowLinkHrefAttr" time="0.409"/>
  <testcase classname="com.askomdch.testcases.HomeTest" name="testArticleTwoParagraphText" time="0.067"/>
  <testcase classname="com.askomdch.testcases.HomeTest" name="testClickingOnFindMoreLinkOpensContactUsPage" time="1.17"/>
  <testcase classname="com.askomdch.testcases.HomeTest" name="testEmptyCartText" time="0.055"/>
  <testcase classname="com.askomdch.testcases.HomeTest" name="testClickingOnShopNowLinkOpensProductCategoryMenPage" time="1.88"/>
  <testcase classname="com.askomdch.testcases.HomeTest" name="testClickingOnShopNowLinkOpensProductCategoryWomenPage" time="2.494"/>
  <testcase classname="com.askomdch.testcases.HomeTest" name="testClickingOnShopNowLinkOpensStorePage" time="1.641"/>
  <testcase classname="com.askomdch.testcases.HomeTest" name="testFeaturedProductsText" time="0.223"/>
  <testcase classname="com.askomdch.testcases.HomeTest" name="testFindMoreHrefAttr" time="0.039"/>
  <testcase classname="com.askomdch.testcases.HomeTest" name="testLogoText" time="0.04"/>
  <testcase classname="com.askomdch.testcases.HomeTest" name="testFindMoreLinkText" time="0.044"/>
  <testcase classname="com.askomdch.testcases.HomeTest" name="testNavbarContentText" time="0.134"/>
  <testcase classname="com.askomdch.testcases.HomeTest" name="testPageHeaderText" time="0.057"/>
  <testcase classname="com.askomdch.testcases.HomeTest" name="testPageHeaderFontWeight" time="0.057"/>
  <testcase classname="com.askomdch.testcases.HomeTest" name="testPageSubHeaderText" time="0.052"/>
  <testcase classname="com.askomdch.testcases.HomeTest" name="testPageTitle" time="0.046"/>
  <testcase classname="com.askomdch.testcases.HomeTest" name="testShopNowHrefAttr" time="0.033"/>
  <testcase classname="com.askomdch.testcases.HomeTest" name="testShopNowLinkText" time="0.038"/>
  <testcase classname="com.askomdch.testcases.HomeTest" name="testStoreHeaderText" time="1.651"/>
  <testcase classname="com.askomdch.testcases.HomeTest" name="testCartPopUpText" time="0.0">
    <ignored/>
  </testcase> <!-- testCartPopUpText -->
</testsuite> <!-- Chrome -->
