<?xml version="1.0" encoding="UTF-8"?>
<!-- Generated by org.testng.reporters.JUnitXMLReporter -->
<testsuite ignored="1" hostname="Sachins-MacBook-Pro.local" failures="0" tests="26" name="Firefox" time="61.491" errors="0" timestamp="2023-09-29T14:37:40 EDT">
  <testcase classname="com.askomdch.testcases.HomeTest" name="testArticleImageOne" time="0.053"/>
  <testcase classname="com.askomdch.testcases.HomeTest" name="testArticleOneParagraphText" time="0.047"/>
  <testcase classname="com.askomdch.testcases.HomeTest" name="testArticleOneShopNowLinkHrefAttr" time="0.106"/>
  <testcase classname="com.askomdch.testcases.HomeTest" name="testArticleOneHeaderText" time="0.097"/>
  <testcase classname="com.askomdch.testcases.HomeTest" name="testArticleImageTwo" time="0.053"/>
  <testcase classname="com.askomdch.testcases.HomeTest" name="testArticleOneShopNowLinkText" time="0.052"/>
  <testcase classname="com.askomdch.testcases.HomeTest" name="testArticleTwoParagraphText" time="0.083"/>
  <testcase classname="com.askomdch.testcases.HomeTest" name="testArticleTwoHeaderText" time="0.087"/>
  <testcase classname="com.askomdch.testcases.HomeTest" name="testArticleTwoShopNowLinkHrefAttr" time="0.062"/>
  <testcase classname="com.askomdch.testcases.HomeTest" name="testArticleTwoShopNowLinkText" time="0.055"/>
  <testcase classname="com.askomdch.testcases.HomeTest" name="testClickingOnFindMoreLinkOpensContactUsPage" time="1.629"/>
  <testcase classname="com.askomdch.testcases.HomeTest" name="testClickingOnShopNowLinkOpensProductCategoryMenPage" time="3.153"/>
  <testcase classname="com.askomdch.testcases.HomeTest" name="testClickingOnShopNowLinkOpensProductCategoryWomenPage" time="1.926"/>
  <testcase classname="com.askomdch.testcases.HomeTest" name="testEmptyCartText" time="0.092"/>
  <testcase classname="com.askomdch.testcases.HomeTest" name="testClickingOnShopNowLinkOpensStorePage" time="2.997"/>
  <testcase classname="com.askomdch.testcases.HomeTest" name="testFindMoreLinkText" time="0.094"/>
  <testcase classname="com.askomdch.testcases.HomeTest" name="testFindMoreHrefAttr" time="0.043"/>
  <testcase classname="com.askomdch.testcases.HomeTest" name="testNavbarContentText" time="0.069"/>
  <testcase classname="com.askomdch.testcases.HomeTest" name="testLogoText" time="0.052"/>
  <testcase classname="com.askomdch.testcases.HomeTest" name="testPageHeaderFontWeight" time="0.032"/>
  <testcase classname="com.askomdch.testcases.HomeTest" name="testPageSubHeaderText" time="0.059"/>
  <testcase classname="com.askomdch.testcases.HomeTest" name="testPageTitle" time="0.004"/>
  <testcase classname="com.askomdch.testcases.HomeTest" name="testPageHeaderText" time="0.068"/>
  <testcase classname="com.askomdch.testcases.HomeTest" name="testShopNowHrefAttr" time="0.05"/>
  <testcase classname="com.askomdch.testcases.HomeTest" name="testShopNowLinkText" time="0.04"/>
  <testcase classname="com.askomdch.testcases.HomeTest" name="testStoreHeaderText" time="1.813"/>
  <testcase classname="com.askomdch.testcases.HomeTest" name="testCartPopUpText" time="0.0">
    <ignored/>
  </testcase> <!-- testCartPopUpText -->
</testsuite> <!-- Firefox -->
