<?xml version="1.0" encoding="UTF-8"?>
<!-- Generated by org.testng.reporters.JUnitXMLReporter -->
<testsuite ignored="1" hostname="Sachins-MacBook-Pro.local" failures="0" tests="27" name="Firefox" time="62.136" errors="0" timestamp="2023-09-29T21:40:05 EDT">
  <testcase classname="com.askomdch.testcases.HomeTest" name="testArticleOneHeaderText" time="0.138"/>
  <testcase classname="com.askomdch.testcases.HomeTest" name="testArticleImageOne" time="0.053"/>
  <testcase classname="com.askomdch.testcases.HomeTest" name="testArticleImageTwo" time="0.073"/>
  <testcase classname="com.askomdch.testcases.HomeTest" name="testArticleOneShopNowLinkHrefAttr" time="0.074"/>
  <testcase classname="com.askomdch.testcases.HomeTest" name="testArticleOneParagraphText" time="0.054"/>
  <testcase classname="com.askomdch.testcases.HomeTest" name="testArticleOneShopNowLinkText" time="0.056"/>
  <testcase classname="com.askomdch.testcases.HomeTest" name="testArticleTwoHeaderText" time="0.061"/>
  <testcase classname="com.askomdch.testcases.HomeTest" name="testArticleTwoShopNowLinkHrefAttr" time="0.069"/>
  <testcase classname="com.askomdch.testcases.HomeTest" name="testArticleTwoParagraphText" time="0.055"/>
  <testcase classname="com.askomdch.testcases.HomeTest" name="testArticleTwoShopNowLinkText" time="0.053"/>
  <testcase classname="com.askomdch.testcases.HomeTest" name="testClickingOnFindMoreLinkOpensContactUsPage" time="1.779"/>
  <testcase classname="com.askomdch.testcases.HomeTest" name="testEmptyCartText" time="0.053"/>
  <testcase classname="com.askomdch.testcases.HomeTest" name="testClickingOnShopNowLinkOpensProductCategoryMenPage" time="3.259"/>
  <testcase classname="com.askomdch.testcases.HomeTest" name="testClickingOnShopNowLinkOpensStorePage" time="1.163"/>
  <testcase classname="com.askomdch.testcases.HomeTest" name="testClickingOnShopNowLinkOpensProductCategoryWomenPage" time="3.479"/>
  <testcase classname="com.askomdch.testcases.HomeTest" name="testFeaturedProductsText" time="0.106"/>
  <testcase classname="com.askomdch.testcases.HomeTest" name="testFindMoreLinkText" time="0.062"/>
  <testcase classname="com.askomdch.testcases.HomeTest" name="testFindMoreHrefAttr" time="0.032"/>
  <testcase classname="com.askomdch.testcases.HomeTest" name="testLogoText" time="0.071"/>
  <testcase classname="com.askomdch.testcases.HomeTest" name="testNavbarContentText" time="0.116"/>
  <testcase classname="com.askomdch.testcases.HomeTest" name="testPageHeaderFontWeight" time="0.067"/>
  <testcase classname="com.askomdch.testcases.HomeTest" name="testPageSubHeaderText" time="0.07"/>
  <testcase classname="com.askomdch.testcases.HomeTest" name="testPageHeaderText" time="0.061"/>
  <testcase classname="com.askomdch.testcases.HomeTest" name="testPageTitle" time="0.013"/>
  <testcase classname="com.askomdch.testcases.HomeTest" name="testShopNowHrefAttr" time="0.06"/>
  <testcase classname="com.askomdch.testcases.HomeTest" name="testShopNowLinkText" time="0.081"/>
  <testcase classname="com.askomdch.testcases.HomeTest" name="testStoreHeaderText" time="1.713"/>
  <testcase classname="com.askomdch.testcases.HomeTest" name="testCartPopUpText" time="0.0">
    <ignored/>
  </testcase> <!-- testCartPopUpText -->
</testsuite> <!-- Firefox -->
