<?xml version="1.0" encoding="UTF-8"?>
<testng-results ignored="0" total="54" passed="54" failed="0" skipped="0">
  <reporter-output>
  </reporter-output>
  <suite started-at="2023-09-29T21:38:26 EDT" name="Suite1" finished-at="2023-09-29T21:40:05 EDT" duration-ms="99532">
    <groups>
    </groups>
    <test started-at="2023-09-29T21:38:26 EDT" name="Chrome" finished-at="2023-09-29T21:39:03 EDT" duration-ms="37210">
      <class name="com.askomdch.testcases.HomeTest">
        <test-method is-config="true" signature="startDriver(java.lang.String)[pri:0, instance:com.askomdch.testcases.HomeTest@163e4e87]" started-at="2023-09-29T21:38:26 EDT" name="startDriver" finished-at="2023-09-29T21:38:32 EDT" duration-ms="5999" status="PASS">
          <params>
            <param index="0">
              <value>
                <![CDATA[CHROME]]>
              </value>
            </param>
          </params>
          <reporter-output>
          </reporter-output>
        </test-method> <!-- startDriver -->
        <test-method is-config="true" signature="startDriver(java.lang.String)[pri:0, instance:com.askomdch.testcases.HomeTest@163e4e87]" started-at="2023-09-29T21:38:26 EDT" name="startDriver" finished-at="2023-09-29T21:38:32 EDT" duration-ms="6002" status="PASS">
          <params>
            <param index="0">
              <value>
                <![CDATA[CHROME]]>
              </value>
            </param>
          </params>
          <reporter-output>
          </reporter-output>
        </test-method> <!-- startDriver -->
        <test-method is-config="true" signature="startDriver(java.lang.String)[pri:0, instance:com.askomdch.testcases.HomeTest@163e4e87]" started-at="2023-09-29T21:38:26 EDT" name="startDriver" finished-at="2023-09-29T21:38:32 EDT" duration-ms="6059" status="PASS">
          <params>
            <param index="0">
              <value>
                <![CDATA[CHROME]]>
              </value>
            </param>
          </params>
          <reporter-output>
          </reporter-output>
        </test-method> <!-- startDriver -->
        <test-method is-config="true" signature="startDriver(java.lang.String)[pri:0, instance:com.askomdch.testcases.HomeTest@163e4e87]" started-at="2023-09-29T21:38:26 EDT" name="startDriver" finished-at="2023-09-29T21:38:32 EDT" duration-ms="5999" status="PASS">
          <params>
            <param index="0">
              <value>
                <![CDATA[CHROME]]>
              </value>
            </param>
          </params>
          <reporter-output>
          </reporter-output>
        </test-method> <!-- startDriver -->
        <test-method is-config="true" signature="startDriver(java.lang.String)[pri:0, instance:com.askomdch.testcases.HomeTest@163e4e87]" started-at="2023-09-29T21:38:26 EDT" name="startDriver" finished-at="2023-09-29T21:38:32 EDT" duration-ms="5997" status="PASS">
          <params>
            <param index="0">
              <value>
                <![CDATA[CHROME]]>
              </value>
            </param>
          </params>
          <reporter-output>
          </reporter-output>
        </test-method> <!-- startDriver -->
        <test-method is-config="true" signature="setUp()[pri:0, instance:com.askomdch.testcases.HomeTest@163e4e87]" started-at="2023-09-29T21:38:32 EDT" name="setUp" finished-at="2023-09-29T21:38:34 EDT" duration-ms="2850" status="PASS">
          <reporter-output>
          </reporter-output>
        </test-method> <!-- setUp -->
        <test-method is-config="true" signature="setUp()[pri:0, instance:com.askomdch.testcases.HomeTest@163e4e87]" started-at="2023-09-29T21:38:32 EDT" name="setUp" finished-at="2023-09-29T21:38:35 EDT" duration-ms="3322" status="PASS">
          <reporter-output>
          </reporter-output>
        </test-method> <!-- setUp -->
        <test-method is-config="true" signature="setUp()[pri:0, instance:com.askomdch.testcases.HomeTest@163e4e87]" started-at="2023-09-29T21:38:32 EDT" name="setUp" finished-at="2023-09-29T21:38:35 EDT" duration-ms="3069" status="PASS">
          <reporter-output>
          </reporter-output>
        </test-method> <!-- setUp -->
        <test-method is-config="true" signature="setUp()[pri:0, instance:com.askomdch.testcases.HomeTest@163e4e87]" started-at="2023-09-29T21:38:32 EDT" name="setUp" finished-at="2023-09-29T21:38:34 EDT" duration-ms="2486" status="PASS">
          <reporter-output>
          </reporter-output>
        </test-method> <!-- setUp -->
        <test-method is-config="true" signature="setUp()[pri:0, instance:com.askomdch.testcases.HomeTest@163e4e87]" started-at="2023-09-29T21:38:32 EDT" name="setUp" finished-at="2023-09-29T21:38:35 EDT" duration-ms="3271" status="PASS">
          <reporter-output>
          </reporter-output>
        </test-method> <!-- setUp -->
        <test-method signature="testArticleOneParagraphText()[pri:0, instance:com.askomdch.testcases.HomeTest@163e4e87]" started-at="2023-09-29T21:38:34 EDT" name="testArticleOneParagraphText" finished-at="2023-09-29T21:38:34 EDT" duration-ms="164" status="PASS">
          <reporter-output>
          </reporter-output>
        </test-method> <!-- testArticleOneParagraphText -->
        <test-method is-config="true" signature="tearDown()[pri:0, instance:com.askomdch.testcases.HomeTest@163e4e87]" started-at="2023-09-29T21:38:34 EDT" name="tearDown" finished-at="2023-09-29T21:38:34 EDT" duration-ms="257" status="PASS">
          <reporter-output>
          </reporter-output>
        </test-method> <!-- tearDown -->
        <test-method signature="testArticleOneShopNowLinkHrefAttr()[pri:0, instance:com.askomdch.testcases.HomeTest@163e4e87]" started-at="2023-09-29T21:38:34 EDT" name="testArticleOneShopNowLinkHrefAttr" finished-at="2023-09-29T21:38:34 EDT" duration-ms="63" status="PASS">
          <reporter-output>
          </reporter-output>
        </test-method> <!-- testArticleOneShopNowLinkHrefAttr -->
        <test-method is-config="true" signature="startDriver(java.lang.String)[pri:0, instance:com.askomdch.testcases.HomeTest@163e4e87]" started-at="2023-09-29T21:38:34 EDT" name="startDriver" finished-at="2023-09-29T21:38:37 EDT" duration-ms="2753" status="PASS">
          <params>
            <param index="0">
              <value>
                <![CDATA[CHROME]]>
              </value>
            </param>
          </params>
          <reporter-output>
          </reporter-output>
        </test-method> <!-- startDriver -->
        <test-method is-config="true" signature="tearDown()[pri:0, instance:com.askomdch.testcases.HomeTest@163e4e87]" started-at="2023-09-29T21:38:34 EDT" name="tearDown" finished-at="2023-09-29T21:38:35 EDT" duration-ms="328" status="PASS">
          <reporter-output>
          </reporter-output>
        </test-method> <!-- tearDown -->
        <test-method signature="testArticleOneHeaderText()[pri:0, instance:com.askomdch.testcases.HomeTest@163e4e87]" started-at="2023-09-29T21:38:35 EDT" name="testArticleOneHeaderText" finished-at="2023-09-29T21:38:35 EDT" duration-ms="71" status="PASS">
          <reporter-output>
          </reporter-output>
        </test-method> <!-- testArticleOneHeaderText -->
        <test-method is-config="true" signature="tearDown()[pri:0, instance:com.askomdch.testcases.HomeTest@163e4e87]" started-at="2023-09-29T21:38:35 EDT" name="tearDown" finished-at="2023-09-29T21:38:35 EDT" duration-ms="388" status="PASS">
          <reporter-output>
          </reporter-output>
        </test-method> <!-- tearDown -->
        <test-method is-config="true" signature="startDriver(java.lang.String)[pri:0, instance:com.askomdch.testcases.HomeTest@163e4e87]" started-at="2023-09-29T21:38:35 EDT" name="startDriver" finished-at="2023-09-29T21:38:37 EDT" duration-ms="2315" status="PASS">
          <params>
            <param index="0">
              <value>
                <![CDATA[CHROME]]>
              </value>
            </param>
          </params>
          <reporter-output>
          </reporter-output>
        </test-method> <!-- startDriver -->
        <test-method signature="testArticleImageOne()[pri:0, instance:com.askomdch.testcases.HomeTest@163e4e87]" started-at="2023-09-29T21:38:35 EDT" name="testArticleImageOne" finished-at="2023-09-29T21:38:35 EDT" duration-ms="48" status="PASS">
          <reporter-output>
          </reporter-output>
        </test-method> <!-- testArticleImageOne -->
        <test-method signature="testArticleImageTwo()[pri:0, instance:com.askomdch.testcases.HomeTest@163e4e87]" started-at="2023-09-29T21:38:35 EDT" name="testArticleImageTwo" finished-at="2023-09-29T21:38:35 EDT" duration-ms="103" status="PASS">
          <reporter-output>
          </reporter-output>
        </test-method> <!-- testArticleImageTwo -->
        <test-method is-config="true" signature="tearDown()[pri:0, instance:com.askomdch.testcases.HomeTest@163e4e87]" started-at="2023-09-29T21:38:35 EDT" name="tearDown" finished-at="2023-09-29T21:38:35 EDT" duration-ms="277" status="PASS">
          <reporter-output>
          </reporter-output>
        </test-method> <!-- tearDown -->
        <test-method is-config="true" signature="tearDown()[pri:0, instance:com.askomdch.testcases.HomeTest@163e4e87]" started-at="2023-09-29T21:38:35 EDT" name="tearDown" finished-at="2023-09-29T21:38:35 EDT" duration-ms="208" status="PASS">
          <reporter-output>
          </reporter-output>
        </test-method> <!-- tearDown -->
        <test-method is-config="true" signature="startDriver(java.lang.String)[pri:0, instance:com.askomdch.testcases.HomeTest@163e4e87]" started-at="2023-09-29T21:38:35 EDT" name="startDriver" finished-at="2023-09-29T21:38:38 EDT" duration-ms="3121" status="PASS">
          <params>
            <param index="0">
              <value>
                <![CDATA[CHROME]]>
              </value>
            </param>
          </params>
          <reporter-output>
          </reporter-output>
        </test-method> <!-- startDriver -->
        <test-method is-config="true" signature="startDriver(java.lang.String)[pri:0, instance:com.askomdch.testcases.HomeTest@163e4e87]" started-at="2023-09-29T21:38:35 EDT" name="startDriver" finished-at="2023-09-29T21:38:38 EDT" duration-ms="2961" status="PASS">
          <params>
            <param index="0">
              <value>
                <![CDATA[CHROME]]>
              </value>
            </param>
          </params>
          <reporter-output>
          </reporter-output>
        </test-method> <!-- startDriver -->
        <test-method is-config="true" signature="startDriver(java.lang.String)[pri:0, instance:com.askomdch.testcases.HomeTest@163e4e87]" started-at="2023-09-29T21:38:35 EDT" name="startDriver" finished-at="2023-09-29T21:38:38 EDT" duration-ms="2980" status="PASS">
          <params>
            <param index="0">
              <value>
                <![CDATA[CHROME]]>
              </value>
            </param>
          </params>
          <reporter-output>
          </reporter-output>
        </test-method> <!-- startDriver -->
        <test-method is-config="true" signature="setUp()[pri:0, instance:com.askomdch.testcases.HomeTest@163e4e87]" started-at="2023-09-29T21:38:37 EDT" name="setUp" finished-at="2023-09-29T21:38:40 EDT" duration-ms="2336" status="PASS">
          <reporter-output>
          </reporter-output>
        </test-method> <!-- setUp -->
        <test-method is-config="true" signature="setUp()[pri:0, instance:com.askomdch.testcases.HomeTest@163e4e87]" started-at="2023-09-29T21:38:37 EDT" name="setUp" finished-at="2023-09-29T21:38:40 EDT" duration-ms="2830" status="PASS">
          <reporter-output>
          </reporter-output>
        </test-method> <!-- setUp -->
        <test-method is-config="true" signature="setUp()[pri:0, instance:com.askomdch.testcases.HomeTest@163e4e87]" started-at="2023-09-29T21:38:38 EDT" name="setUp" finished-at="2023-09-29T21:38:40 EDT" duration-ms="2129" status="PASS">
          <reporter-output>
          </reporter-output>
        </test-method> <!-- setUp -->
        <test-method is-config="true" signature="setUp()[pri:0, instance:com.askomdch.testcases.HomeTest@163e4e87]" started-at="2023-09-29T21:38:38 EDT" name="setUp" finished-at="2023-09-29T21:38:39 EDT" duration-ms="1269" status="PASS">
          <reporter-output>
          </reporter-output>
        </test-method> <!-- setUp -->
        <test-method is-config="true" signature="setUp()[pri:0, instance:com.askomdch.testcases.HomeTest@163e4e87]" started-at="2023-09-29T21:38:38 EDT" name="setUp" finished-at="2023-09-29T21:38:41 EDT" duration-ms="3068" status="PASS">
          <reporter-output>
          </reporter-output>
        </test-method> <!-- setUp -->
        <test-method signature="testArticleTwoShopNowLinkText()[pri:0, instance:com.askomdch.testcases.HomeTest@163e4e87]" started-at="2023-09-29T21:38:39 EDT" name="testArticleTwoShopNowLinkText" finished-at="2023-09-29T21:38:40 EDT" duration-ms="69" status="PASS">
          <reporter-output>
          </reporter-output>
        </test-method> <!-- testArticleTwoShopNowLinkText -->
        <test-method signature="testArticleTwoHeaderText()[pri:0, instance:com.askomdch.testcases.HomeTest@163e4e87]" started-at="2023-09-29T21:38:40 EDT" name="testArticleTwoHeaderText" finished-at="2023-09-29T21:38:40 EDT" duration-ms="118" status="PASS">
          <reporter-output>
          </reporter-output>
        </test-method> <!-- testArticleTwoHeaderText -->
        <test-method is-config="true" signature="tearDown()[pri:0, instance:com.askomdch.testcases.HomeTest@163e4e87]" started-at="2023-09-29T21:38:40 EDT" name="tearDown" finished-at="2023-09-29T21:38:40 EDT" duration-ms="190" status="PASS">
          <reporter-output>
          </reporter-output>
        </test-method> <!-- tearDown -->
        <test-method is-config="true" signature="tearDown()[pri:0, instance:com.askomdch.testcases.HomeTest@163e4e87]" started-at="2023-09-29T21:38:40 EDT" name="tearDown" finished-at="2023-09-29T21:38:40 EDT" duration-ms="160" status="PASS">
          <reporter-output>
          </reporter-output>
        </test-method> <!-- tearDown -->
        <test-method is-config="true" signature="startDriver(java.lang.String)[pri:0, instance:com.askomdch.testcases.HomeTest@163e4e87]" started-at="2023-09-29T21:38:40 EDT" name="startDriver" finished-at="2023-09-29T21:38:42 EDT" duration-ms="2307" status="PASS">
          <params>
            <param index="0">
              <value>
                <![CDATA[CHROME]]>
              </value>
            </param>
          </params>
          <reporter-output>
          </reporter-output>
        </test-method> <!-- startDriver -->
        <test-method is-config="true" signature="startDriver(java.lang.String)[pri:0, instance:com.askomdch.testcases.HomeTest@163e4e87]" started-at="2023-09-29T21:38:40 EDT" name="startDriver" finished-at="2023-09-29T21:38:42 EDT" duration-ms="2596" status="PASS">
          <params>
            <param index="0">
              <value>
                <![CDATA[CHROME]]>
              </value>
            </param>
          </params>
          <reporter-output>
          </reporter-output>
        </test-method> <!-- startDriver -->
        <test-method signature="testArticleOneShopNowLinkText()[pri:0, instance:com.askomdch.testcases.HomeTest@163e4e87]" started-at="2023-09-29T21:38:40 EDT" name="testArticleOneShopNowLinkText" finished-at="2023-09-29T21:38:40 EDT" duration-ms="91" status="PASS">
          <reporter-output>
          </reporter-output>
        </test-method> <!-- testArticleOneShopNowLinkText -->
        <test-method is-config="true" signature="tearDown()[pri:0, instance:com.askomdch.testcases.HomeTest@163e4e87]" started-at="2023-09-29T21:38:40 EDT" name="tearDown" finished-at="2023-09-29T21:38:40 EDT" duration-ms="228" status="PASS">
          <reporter-output>
          </reporter-output>
        </test-method> <!-- tearDown -->
        <test-method signature="testArticleTwoShopNowLinkHrefAttr()[pri:0, instance:com.askomdch.testcases.HomeTest@163e4e87]" started-at="2023-09-29T21:38:40 EDT" name="testArticleTwoShopNowLinkHrefAttr" finished-at="2023-09-29T21:38:41 EDT" duration-ms="409" status="PASS">
          <reporter-output>
          </reporter-output>
        </test-method> <!-- testArticleTwoShopNowLinkHrefAttr -->
        <test-method is-config="true" signature="startDriver(java.lang.String)[pri:0, instance:com.askomdch.testcases.HomeTest@163e4e87]" started-at="2023-09-29T21:38:40 EDT" name="startDriver" finished-at="2023-09-29T21:38:43 EDT" duration-ms="2433" status="PASS">
          <params>
            <param index="0">
              <value>
                <![CDATA[CHROME]]>
              </value>
            </param>
          </params>
          <reporter-output>
          </reporter-output>
        </test-method> <!-- startDriver -->
        <test-method is-config="true" signature="tearDown()[pri:0, instance:com.askomdch.testcases.HomeTest@163e4e87]" started-at="2023-09-29T21:38:41 EDT" name="tearDown" finished-at="2023-09-29T21:38:42 EDT" duration-ms="1594" status="PASS">
          <reporter-output>
          </reporter-output>
        </test-method> <!-- tearDown -->
        <test-method signature="testArticleTwoParagraphText()[pri:0, instance:com.askomdch.testcases.HomeTest@163e4e87]" started-at="2023-09-29T21:38:41 EDT" name="testArticleTwoParagraphText" finished-at="2023-09-29T21:38:41 EDT" duration-ms="67" status="PASS">
          <reporter-output>
          </reporter-output>
        </test-method> <!-- testArticleTwoParagraphText -->
        <test-method is-config="true" signature="tearDown()[pri:0, instance:com.askomdch.testcases.HomeTest@163e4e87]" started-at="2023-09-29T21:38:41 EDT" name="tearDown" finished-at="2023-09-29T21:38:43 EDT" duration-ms="1150" status="PASS">
          <reporter-output>
          </reporter-output>
        </test-method> <!-- tearDown -->
        <test-method is-config="true" signature="setUp()[pri:0, instance:com.askomdch.testcases.HomeTest@163e4e87]" started-at="2023-09-29T21:38:42 EDT" name="setUp" finished-at="2023-09-29T21:38:45 EDT" duration-ms="2734" status="PASS">
          <reporter-output>
          </reporter-output>
        </test-method> <!-- setUp -->
        <test-method is-config="true" signature="startDriver(java.lang.String)[pri:0, instance:com.askomdch.testcases.HomeTest@163e4e87]" started-at="2023-09-29T21:38:42 EDT" name="startDriver" finished-at="2023-09-29T21:38:45 EDT" duration-ms="2243" status="PASS">
          <params>
            <param index="0">
              <value>
                <![CDATA[CHROME]]>
              </value>
            </param>
          </params>
          <reporter-output>
          </reporter-output>
        </test-method> <!-- startDriver -->
        <test-method is-config="true" signature="setUp()[pri:0, instance:com.askomdch.testcases.HomeTest@163e4e87]" started-at="2023-09-29T21:38:42 EDT" name="setUp" finished-at="2023-09-29T21:38:45 EDT" duration-ms="2524" status="PASS">
          <reporter-output>
          </reporter-output>
        </test-method> <!-- setUp -->
        <test-method is-config="true" signature="startDriver(java.lang.String)[pri:0, instance:com.askomdch.testcases.HomeTest@163e4e87]" started-at="2023-09-29T21:38:43 EDT" name="startDriver" finished-at="2023-09-29T21:38:45 EDT" duration-ms="1990" status="PASS">
          <params>
            <param index="0">
              <value>
                <![CDATA[CHROME]]>
              </value>
            </param>
          </params>
          <reporter-output>
          </reporter-output>
        </test-method> <!-- startDriver -->
        <test-method is-config="true" signature="setUp()[pri:0, instance:com.askomdch.testcases.HomeTest@163e4e87]" started-at="2023-09-29T21:38:43 EDT" name="setUp" finished-at="2023-09-29T21:38:45 EDT" duration-ms="2327" status="PASS">
          <reporter-output>
          </reporter-output>
        </test-method> <!-- setUp -->
        <test-method is-config="true" signature="setUp()[pri:0, instance:com.askomdch.testcases.HomeTest@163e4e87]" started-at="2023-09-29T21:38:45 EDT" name="setUp" finished-at="2023-09-29T21:38:46 EDT" duration-ms="1416" status="PASS">
          <reporter-output>
          </reporter-output>
        </test-method> <!-- setUp -->
        <test-method is-config="true" signature="setUp()[pri:0, instance:com.askomdch.testcases.HomeTest@163e4e87]" started-at="2023-09-29T21:38:45 EDT" name="setUp" finished-at="2023-09-29T21:38:47 EDT" duration-ms="1958" status="PASS">
          <reporter-output>
          </reporter-output>
        </test-method> <!-- setUp -->
        <test-method signature="testClickingOnFindMoreLinkOpensContactUsPage()[pri:0, instance:com.askomdch.testcases.HomeTest@163e4e87]" started-at="2023-09-29T21:38:45 EDT" name="testClickingOnFindMoreLinkOpensContactUsPage" finished-at="2023-09-29T21:38:46 EDT" duration-ms="1170" status="PASS">
          <reporter-output>
          </reporter-output>
        </test-method> <!-- testClickingOnFindMoreLinkOpensContactUsPage -->
        <test-method signature="testClickingOnShopNowLinkOpensProductCategoryMenPage()[pri:0, instance:com.askomdch.testcases.HomeTest@163e4e87]" started-at="2023-09-29T21:38:45 EDT" name="testClickingOnShopNowLinkOpensProductCategoryMenPage" finished-at="2023-09-29T21:38:47 EDT" duration-ms="1880" status="PASS">
          <reporter-output>
          </reporter-output>
        </test-method> <!-- testClickingOnShopNowLinkOpensProductCategoryMenPage -->
        <test-method signature="testClickingOnShopNowLinkOpensProductCategoryWomenPage()[pri:0, instance:com.askomdch.testcases.HomeTest@163e4e87]" started-at="2023-09-29T21:38:45 EDT" name="testClickingOnShopNowLinkOpensProductCategoryWomenPage" finished-at="2023-09-29T21:38:48 EDT" duration-ms="2494" status="PASS">
          <reporter-output>
          </reporter-output>
        </test-method> <!-- testClickingOnShopNowLinkOpensProductCategoryWomenPage -->
        <test-method signature="testEmptyCartText()[pri:0, instance:com.askomdch.testcases.HomeTest@163e4e87]" started-at="2023-09-29T21:38:46 EDT" name="testEmptyCartText" finished-at="2023-09-29T21:38:46 EDT" duration-ms="55" status="PASS">
          <reporter-output>
          </reporter-output>
        </test-method> <!-- testEmptyCartText -->
        <test-method is-config="true" signature="tearDown()[pri:0, instance:com.askomdch.testcases.HomeTest@163e4e87]" started-at="2023-09-29T21:38:46 EDT" name="tearDown" finished-at="2023-09-29T21:38:46 EDT" duration-ms="168" status="PASS">
          <reporter-output>
          </reporter-output>
        </test-method> <!-- tearDown -->
        <test-method is-config="true" signature="tearDown()[pri:0, instance:com.askomdch.testcases.HomeTest@163e4e87]" started-at="2023-09-29T21:38:46 EDT" name="tearDown" finished-at="2023-09-29T21:38:46 EDT" duration-ms="158" status="PASS">
          <reporter-output>
          </reporter-output>
        </test-method> <!-- tearDown -->
        <test-method is-config="true" signature="startDriver(java.lang.String)[pri:0, instance:com.askomdch.testcases.HomeTest@163e4e87]" started-at="2023-09-29T21:38:46 EDT" name="startDriver" finished-at="2023-09-29T21:38:48 EDT" duration-ms="2277" status="PASS">
          <params>
            <param index="0">
              <value>
                <![CDATA[CHROME]]>
              </value>
            </param>
          </params>
          <reporter-output>
          </reporter-output>
        </test-method> <!-- startDriver -->
        <test-method is-config="true" signature="startDriver(java.lang.String)[pri:0, instance:com.askomdch.testcases.HomeTest@163e4e87]" started-at="2023-09-29T21:38:46 EDT" name="startDriver" finished-at="2023-09-29T21:38:48 EDT" duration-ms="2308" status="PASS">
          <params>
            <param index="0">
              <value>
                <![CDATA[CHROME]]>
              </value>
            </param>
          </params>
          <reporter-output>
          </reporter-output>
        </test-method> <!-- startDriver -->
        <test-method signature="testClickingOnShopNowLinkOpensStorePage()[pri:0, instance:com.askomdch.testcases.HomeTest@163e4e87]" started-at="2023-09-29T21:38:47 EDT" name="testClickingOnShopNowLinkOpensStorePage" finished-at="2023-09-29T21:38:48 EDT" duration-ms="1641" status="PASS">
          <reporter-output>
          </reporter-output>
        </test-method> <!-- testClickingOnShopNowLinkOpensStorePage -->
        <test-method is-config="true" signature="tearDown()[pri:0, instance:com.askomdch.testcases.HomeTest@163e4e87]" started-at="2023-09-29T21:38:47 EDT" name="tearDown" finished-at="2023-09-29T21:38:48 EDT" duration-ms="966" status="PASS">
          <reporter-output>
          </reporter-output>
        </test-method> <!-- tearDown -->
        <test-method is-config="true" signature="tearDown()[pri:0, instance:com.askomdch.testcases.HomeTest@163e4e87]" started-at="2023-09-29T21:38:48 EDT" name="tearDown" finished-at="2023-09-29T21:38:48 EDT" duration-ms="802" status="PASS">
          <reporter-output>
          </reporter-output>
        </test-method> <!-- tearDown -->
        <test-method is-config="true" signature="startDriver(java.lang.String)[pri:0, instance:com.askomdch.testcases.HomeTest@163e4e87]" started-at="2023-09-29T21:38:48 EDT" name="startDriver" finished-at="2023-09-29T21:38:50 EDT" duration-ms="2207" status="PASS">
          <params>
            <param index="0">
              <value>
                <![CDATA[CHROME]]>
              </value>
            </param>
          </params>
          <reporter-output>
          </reporter-output>
        </test-method> <!-- startDriver -->
        <test-method is-config="true" signature="tearDown()[pri:0, instance:com.askomdch.testcases.HomeTest@163e4e87]" started-at="2023-09-29T21:38:48 EDT" name="tearDown" finished-at="2023-09-29T21:38:49 EDT" duration-ms="466" status="PASS">
          <reporter-output>
          </reporter-output>
        </test-method> <!-- tearDown -->
        <test-method is-config="true" signature="setUp()[pri:0, instance:com.askomdch.testcases.HomeTest@163e4e87]" started-at="2023-09-29T21:38:48 EDT" name="setUp" finished-at="2023-09-29T21:38:50 EDT" duration-ms="1970" status="PASS">
          <reporter-output>
          </reporter-output>
        </test-method> <!-- setUp -->
        <test-method is-config="true" signature="setUp()[pri:0, instance:com.askomdch.testcases.HomeTest@163e4e87]" started-at="2023-09-29T21:38:48 EDT" name="setUp" finished-at="2023-09-29T21:38:51 EDT" duration-ms="3046" status="PASS">
          <reporter-output>
          </reporter-output>
        </test-method> <!-- setUp -->
        <test-method is-config="true" signature="startDriver(java.lang.String)[pri:0, instance:com.askomdch.testcases.HomeTest@163e4e87]" started-at="2023-09-29T21:38:48 EDT" name="startDriver" finished-at="2023-09-29T21:38:51 EDT" duration-ms="2469" status="PASS">
          <params>
            <param index="0">
              <value>
                <![CDATA[CHROME]]>
              </value>
            </param>
          </params>
          <reporter-output>
          </reporter-output>
        </test-method> <!-- startDriver -->
        <test-method is-config="true" signature="startDriver(java.lang.String)[pri:0, instance:com.askomdch.testcases.HomeTest@163e4e87]" started-at="2023-09-29T21:38:49 EDT" name="startDriver" finished-at="2023-09-29T21:38:51 EDT" duration-ms="2331" status="PASS">
          <params>
            <param index="0">
              <value>
                <![CDATA[CHROME]]>
              </value>
            </param>
          </params>
          <reporter-output>
          </reporter-output>
        </test-method> <!-- startDriver -->
        <test-method is-config="true" signature="setUp()[pri:0, instance:com.askomdch.testcases.HomeTest@163e4e87]" started-at="2023-09-29T21:38:50 EDT" name="setUp" finished-at="2023-09-29T21:38:53 EDT" duration-ms="3347" status="PASS">
          <reporter-output>
          </reporter-output>
        </test-method> <!-- setUp -->
        <test-method signature="testFeaturedProductsText()[pri:0, instance:com.askomdch.testcases.HomeTest@163e4e87]" started-at="2023-09-29T21:38:50 EDT" name="testFeaturedProductsText" finished-at="2023-09-29T21:38:51 EDT" duration-ms="223" status="PASS">
          <reporter-output>
          </reporter-output>
        </test-method> <!-- testFeaturedProductsText -->
        <test-method is-config="true" signature="tearDown()[pri:0, instance:com.askomdch.testcases.HomeTest@163e4e87]" started-at="2023-09-29T21:38:51 EDT" name="tearDown" finished-at="2023-09-29T21:38:51 EDT" duration-ms="797" status="PASS">
          <reporter-output>
          </reporter-output>
        </test-method> <!-- tearDown -->
        <test-method is-config="true" signature="setUp()[pri:0, instance:com.askomdch.testcases.HomeTest@163e4e87]" started-at="2023-09-29T21:38:51 EDT" name="setUp" finished-at="2023-09-29T21:38:52 EDT" duration-ms="1329" status="PASS">
          <reporter-output>
          </reporter-output>
        </test-method> <!-- setUp -->
        <test-method is-config="true" signature="setUp()[pri:0, instance:com.askomdch.testcases.HomeTest@163e4e87]" started-at="2023-09-29T21:38:51 EDT" name="setUp" finished-at="2023-09-29T21:38:54 EDT" duration-ms="2587" status="PASS">
          <reporter-output>
          </reporter-output>
        </test-method> <!-- setUp -->
        <test-method is-config="true" signature="startDriver(java.lang.String)[pri:0, instance:com.askomdch.testcases.HomeTest@163e4e87]" started-at="2023-09-29T21:38:51 EDT" name="startDriver" finished-at="2023-09-29T21:38:54 EDT" duration-ms="2499" status="PASS">
          <params>
            <param index="0">
              <value>
                <![CDATA[CHROME]]>
              </value>
            </param>
          </params>
          <reporter-output>
          </reporter-output>
        </test-method> <!-- startDriver -->
        <test-method signature="testFindMoreHrefAttr()[pri:0, instance:com.askomdch.testcases.HomeTest@163e4e87]" started-at="2023-09-29T21:38:51 EDT" name="testFindMoreHrefAttr" finished-at="2023-09-29T21:38:52 EDT" duration-ms="39" status="PASS">
          <reporter-output>
          </reporter-output>
        </test-method> <!-- testFindMoreHrefAttr -->
        <test-method is-config="true" signature="tearDown()[pri:0, instance:com.askomdch.testcases.HomeTest@163e4e87]" started-at="2023-09-29T21:38:52 EDT" name="tearDown" finished-at="2023-09-29T21:38:52 EDT" duration-ms="170" status="PASS">
          <reporter-output>
          </reporter-output>
        </test-method> <!-- tearDown -->
        <test-method is-config="true" signature="startDriver(java.lang.String)[pri:0, instance:com.askomdch.testcases.HomeTest@163e4e87]" started-at="2023-09-29T21:38:52 EDT" name="startDriver" finished-at="2023-09-29T21:38:54 EDT" duration-ms="2583" status="PASS">
          <params>
            <param index="0">
              <value>
                <![CDATA[CHROME]]>
              </value>
            </param>
          </params>
          <reporter-output>
          </reporter-output>
        </test-method> <!-- startDriver -->
        <test-method signature="testLogoText()[pri:0, instance:com.askomdch.testcases.HomeTest@163e4e87]" started-at="2023-09-29T21:38:52 EDT" name="testLogoText" finished-at="2023-09-29T21:38:52 EDT" duration-ms="40" status="PASS">
          <reporter-output>
          </reporter-output>
        </test-method> <!-- testLogoText -->
        <test-method is-config="true" signature="tearDown()[pri:0, instance:com.askomdch.testcases.HomeTest@163e4e87]" started-at="2023-09-29T21:38:52 EDT" name="tearDown" finished-at="2023-09-29T21:38:53 EDT" duration-ms="804" status="PASS">
          <reporter-output>
          </reporter-output>
        </test-method> <!-- tearDown -->
        <test-method is-config="true" signature="startDriver(java.lang.String)[pri:0, instance:com.askomdch.testcases.HomeTest@163e4e87]" started-at="2023-09-29T21:38:53 EDT" name="startDriver" finished-at="2023-09-29T21:38:56 EDT" duration-ms="2479" status="PASS">
          <params>
            <param index="0">
              <value>
                <![CDATA[CHROME]]>
              </value>
            </param>
          </params>
          <reporter-output>
          </reporter-output>
        </test-method> <!-- startDriver -->
        <test-method signature="testFindMoreLinkText()[pri:0, instance:com.askomdch.testcases.HomeTest@163e4e87]" started-at="2023-09-29T21:38:53 EDT" name="testFindMoreLinkText" finished-at="2023-09-29T21:38:53 EDT" duration-ms="44" status="PASS">
          <reporter-output>
          </reporter-output>
        </test-method> <!-- testFindMoreLinkText -->
        <test-method is-config="true" signature="tearDown()[pri:0, instance:com.askomdch.testcases.HomeTest@163e4e87]" started-at="2023-09-29T21:38:53 EDT" name="tearDown" finished-at="2023-09-29T21:38:54 EDT" duration-ms="471" status="PASS">
          <reporter-output>
          </reporter-output>
        </test-method> <!-- tearDown -->
        <test-method signature="testNavbarContentText()[pri:0, instance:com.askomdch.testcases.HomeTest@163e4e87]" started-at="2023-09-29T21:38:54 EDT" name="testNavbarContentText" finished-at="2023-09-29T21:38:54 EDT" duration-ms="134" status="PASS">
          <reporter-output>
          </reporter-output>
        </test-method> <!-- testNavbarContentText -->
        <test-method is-config="true" signature="tearDown()[pri:0, instance:com.askomdch.testcases.HomeTest@163e4e87]" started-at="2023-09-29T21:38:54 EDT" name="tearDown" finished-at="2023-09-29T21:38:55 EDT" duration-ms="842" status="PASS">
          <reporter-output>
          </reporter-output>
        </test-method> <!-- tearDown -->
        <test-method is-config="true" signature="startDriver(java.lang.String)[pri:0, instance:com.askomdch.testcases.HomeTest@163e4e87]" started-at="2023-09-29T21:38:54 EDT" name="startDriver" finished-at="2023-09-29T21:38:56 EDT" duration-ms="2427" status="PASS">
          <params>
            <param index="0">
              <value>
                <![CDATA[CHROME]]>
              </value>
            </param>
          </params>
          <reporter-output>
          </reporter-output>
        </test-method> <!-- startDriver -->
        <test-method is-config="true" signature="setUp()[pri:0, instance:com.askomdch.testcases.HomeTest@163e4e87]" started-at="2023-09-29T21:38:54 EDT" name="setUp" finished-at="2023-09-29T21:38:57 EDT" duration-ms="2789" status="PASS">
          <reporter-output>
          </reporter-output>
        </test-method> <!-- setUp -->
        <test-method is-config="true" signature="setUp()[pri:0, instance:com.askomdch.testcases.HomeTest@163e4e87]" started-at="2023-09-29T21:38:54 EDT" name="setUp" finished-at="2023-09-29T21:38:57 EDT" duration-ms="2347" status="PASS">
          <reporter-output>
          </reporter-output>
        </test-method> <!-- setUp -->
        <test-method is-config="true" signature="startDriver(java.lang.String)[pri:0, instance:com.askomdch.testcases.HomeTest@163e4e87]" started-at="2023-09-29T21:38:55 EDT" name="startDriver" finished-at="2023-09-29T21:38:57 EDT" duration-ms="2900" status="PASS">
          <params>
            <param index="0">
              <value>
                <![CDATA[CHROME]]>
              </value>
            </param>
          </params>
          <reporter-output>
          </reporter-output>
        </test-method> <!-- startDriver -->
        <test-method is-config="true" signature="setUp()[pri:0, instance:com.askomdch.testcases.HomeTest@163e4e87]" started-at="2023-09-29T21:38:56 EDT" name="setUp" finished-at="2023-09-29T21:38:57 EDT" duration-ms="1477" status="PASS">
          <reporter-output>
          </reporter-output>
        </test-method> <!-- setUp -->
        <test-method is-config="true" signature="setUp()[pri:0, instance:com.askomdch.testcases.HomeTest@163e4e87]" started-at="2023-09-29T21:38:56 EDT" name="setUp" finished-at="2023-09-29T21:38:59 EDT" duration-ms="2869" status="PASS">
          <reporter-output>
          </reporter-output>
        </test-method> <!-- setUp -->
        <test-method signature="testPageHeaderText()[pri:0, instance:com.askomdch.testcases.HomeTest@163e4e87]" started-at="2023-09-29T21:38:57 EDT" name="testPageHeaderText" finished-at="2023-09-29T21:38:57 EDT" duration-ms="57" status="PASS">
          <reporter-output>
          </reporter-output>
        </test-method> <!-- testPageHeaderText -->
        <test-method signature="testPageHeaderFontWeight()[pri:0, instance:com.askomdch.testcases.HomeTest@163e4e87]" started-at="2023-09-29T21:38:57 EDT" name="testPageHeaderFontWeight" finished-at="2023-09-29T21:38:57 EDT" duration-ms="57" status="PASS">
          <reporter-output>
          </reporter-output>
        </test-method> <!-- testPageHeaderFontWeight -->
        <test-method is-config="true" signature="tearDown()[pri:0, instance:com.askomdch.testcases.HomeTest@163e4e87]" started-at="2023-09-29T21:38:57 EDT" name="tearDown" finished-at="2023-09-29T21:38:57 EDT" duration-ms="211" status="PASS">
          <reporter-output>
          </reporter-output>
        </test-method> <!-- tearDown -->
        <test-method is-config="true" signature="tearDown()[pri:0, instance:com.askomdch.testcases.HomeTest@163e4e87]" started-at="2023-09-29T21:38:57 EDT" name="tearDown" finished-at="2023-09-29T21:38:57 EDT" duration-ms="161" status="PASS">
          <reporter-output>
          </reporter-output>
        </test-method> <!-- tearDown -->
        <test-method is-config="true" signature="startDriver(java.lang.String)[pri:0, instance:com.askomdch.testcases.HomeTest@163e4e87]" started-at="2023-09-29T21:38:57 EDT" name="startDriver" finished-at="2023-09-29T21:38:59 EDT" duration-ms="2134" status="PASS">
          <params>
            <param index="0">
              <value>
                <![CDATA[CHROME]]>
              </value>
            </param>
          </params>
          <reporter-output>
          </reporter-output>
        </test-method> <!-- startDriver -->
        <test-method is-config="true" signature="startDriver(java.lang.String)[pri:0, instance:com.askomdch.testcases.HomeTest@163e4e87]" started-at="2023-09-29T21:38:57 EDT" name="startDriver" finished-at="2023-09-29T21:38:59 EDT" duration-ms="2063" status="PASS">
          <params>
            <param index="0">
              <value>
                <![CDATA[CHROME]]>
              </value>
            </param>
          </params>
          <reporter-output>
          </reporter-output>
        </test-method> <!-- startDriver -->
        <test-method signature="testPageSubHeaderText()[pri:0, instance:com.askomdch.testcases.HomeTest@163e4e87]" started-at="2023-09-29T21:38:57 EDT" name="testPageSubHeaderText" finished-at="2023-09-29T21:38:57 EDT" duration-ms="52" status="PASS">
          <reporter-output>
          </reporter-output>
        </test-method> <!-- testPageSubHeaderText -->
        <test-method is-config="true" signature="tearDown()[pri:0, instance:com.askomdch.testcases.HomeTest@163e4e87]" started-at="2023-09-29T21:38:57 EDT" name="tearDown" finished-at="2023-09-29T21:38:57 EDT" duration-ms="212" status="PASS">
          <reporter-output>
          </reporter-output>
        </test-method> <!-- tearDown -->
        <test-method is-config="true" signature="setUp()[pri:0, instance:com.askomdch.testcases.HomeTest@163e4e87]" started-at="2023-09-29T21:38:57 EDT" name="setUp" finished-at="2023-09-29T21:38:59 EDT" duration-ms="1975" status="PASS">
          <reporter-output>
          </reporter-output>
        </test-method> <!-- setUp -->
        <test-method is-config="true" signature="setUp()[pri:0, instance:com.askomdch.testcases.HomeTest@163e4e87]" started-at="2023-09-29T21:38:59 EDT" name="setUp" finished-at="2023-09-29T21:39:01 EDT" duration-ms="1903" status="PASS">
          <reporter-output>
          </reporter-output>
        </test-method> <!-- setUp -->
        <test-method is-config="true" signature="setUp()[pri:0, instance:com.askomdch.testcases.HomeTest@163e4e87]" started-at="2023-09-29T21:38:59 EDT" name="setUp" finished-at="2023-09-29T21:39:01 EDT" duration-ms="1686" status="PASS">
          <reporter-output>
          </reporter-output>
        </test-method> <!-- setUp -->
        <test-method signature="testPageTitle()[pri:0, instance:com.askomdch.testcases.HomeTest@163e4e87]" started-at="2023-09-29T21:38:59 EDT" name="testPageTitle" finished-at="2023-09-29T21:38:59 EDT" duration-ms="46" status="PASS">
          <reporter-output>
          </reporter-output>
        </test-method> <!-- testPageTitle -->
        <test-method is-config="true" signature="tearDown()[pri:0, instance:com.askomdch.testcases.HomeTest@163e4e87]" started-at="2023-09-29T21:38:59 EDT" name="tearDown" finished-at="2023-09-29T21:38:59 EDT" duration-ms="162" status="PASS">
          <reporter-output>
          </reporter-output>
        </test-method> <!-- tearDown -->
        <test-method signature="testShopNowHrefAttr()[pri:0, instance:com.askomdch.testcases.HomeTest@163e4e87]" started-at="2023-09-29T21:38:59 EDT" name="testShopNowHrefAttr" finished-at="2023-09-29T21:38:59 EDT" duration-ms="33" status="PASS">
          <reporter-output>
          </reporter-output>
        </test-method> <!-- testShopNowHrefAttr -->
        <test-method is-config="true" signature="tearDown()[pri:0, instance:com.askomdch.testcases.HomeTest@163e4e87]" started-at="2023-09-29T21:38:59 EDT" name="tearDown" finished-at="2023-09-29T21:39:00 EDT" duration-ms="140" status="PASS">
          <reporter-output>
          </reporter-output>
        </test-method> <!-- tearDown -->
        <test-method signature="testShopNowLinkText()[pri:0, instance:com.askomdch.testcases.HomeTest@163e4e87]" started-at="2023-09-29T21:39:01 EDT" name="testShopNowLinkText" finished-at="2023-09-29T21:39:01 EDT" duration-ms="38" status="PASS">
          <reporter-output>
          </reporter-output>
        </test-method> <!-- testShopNowLinkText -->
        <test-method is-config="true" signature="tearDown()[pri:0, instance:com.askomdch.testcases.HomeTest@163e4e87]" started-at="2023-09-29T21:39:01 EDT" name="tearDown" finished-at="2023-09-29T21:39:01 EDT" duration-ms="161" status="PASS">
          <reporter-output>
          </reporter-output>
        </test-method> <!-- tearDown -->
        <test-method signature="testStoreHeaderText()[pri:0, instance:com.askomdch.testcases.HomeTest@163e4e87]" started-at="2023-09-29T21:39:01 EDT" name="testStoreHeaderText" finished-at="2023-09-29T21:39:03 EDT" duration-ms="1651" status="PASS">
          <reporter-output>
          </reporter-output>
        </test-method> <!-- testStoreHeaderText -->
        <test-method is-config="true" signature="tearDown()[pri:0, instance:com.askomdch.testcases.HomeTest@163e4e87]" started-at="2023-09-29T21:39:03 EDT" name="tearDown" finished-at="2023-09-29T21:39:03 EDT" duration-ms="239" status="PASS">
          <reporter-output>
          </reporter-output>
        </test-method> <!-- tearDown -->
      </class> <!-- com.askomdch.testcases.HomeTest -->
    </test> <!-- Chrome -->
    <test started-at="2023-09-29T21:39:03 EDT" name="Firefox" finished-at="2023-09-29T21:40:05 EDT" duration-ms="62136">
      <class name="com.askomdch.testcases.HomeTest">
        <test-method is-config="true" signature="startDriver(java.lang.String)[pri:0, instance:com.askomdch.testcases.HomeTest@29626d54]" started-at="2023-09-29T21:39:03 EDT" name="startDriver" finished-at="2023-09-29T21:39:10 EDT" duration-ms="7259" status="PASS">
          <params>
            <param index="0">
              <value>
                <![CDATA[FIREFOX]]>
              </value>
            </param>
          </params>
          <reporter-output>
          </reporter-output>
        </test-method> <!-- startDriver -->
        <test-method is-config="true" signature="startDriver(java.lang.String)[pri:0, instance:com.askomdch.testcases.HomeTest@29626d54]" started-at="2023-09-29T21:39:03 EDT" name="startDriver" finished-at="2023-09-29T21:39:10 EDT" duration-ms="7375" status="PASS">
          <params>
            <param index="0">
              <value>
                <![CDATA[FIREFOX]]>
              </value>
            </param>
          </params>
          <reporter-output>
          </reporter-output>
        </test-method> <!-- startDriver -->
        <test-method is-config="true" signature="startDriver(java.lang.String)[pri:0, instance:com.askomdch.testcases.HomeTest@29626d54]" started-at="2023-09-29T21:39:03 EDT" name="startDriver" finished-at="2023-09-29T21:39:11 EDT" duration-ms="7921" status="PASS">
          <params>
            <param index="0">
              <value>
                <![CDATA[FIREFOX]]>
              </value>
            </param>
          </params>
          <reporter-output>
          </reporter-output>
        </test-method> <!-- startDriver -->
        <test-method is-config="true" signature="startDriver(java.lang.String)[pri:0, instance:com.askomdch.testcases.HomeTest@29626d54]" started-at="2023-09-29T21:39:03 EDT" name="startDriver" finished-at="2023-09-29T21:39:09 EDT" duration-ms="6501" status="PASS">
          <params>
            <param index="0">
              <value>
                <![CDATA[FIREFOX]]>
              </value>
            </param>
          </params>
          <reporter-output>
          </reporter-output>
        </test-method> <!-- startDriver -->
        <test-method is-config="true" signature="startDriver(java.lang.String)[pri:0, instance:com.askomdch.testcases.HomeTest@29626d54]" started-at="2023-09-29T21:39:03 EDT" name="startDriver" finished-at="2023-09-29T21:39:10 EDT" duration-ms="7370" status="PASS">
          <params>
            <param index="0">
              <value>
                <![CDATA[FIREFOX]]>
              </value>
            </param>
          </params>
          <reporter-output>
          </reporter-output>
        </test-method> <!-- startDriver -->
        <test-method is-config="true" signature="setUp()[pri:0, instance:com.askomdch.testcases.HomeTest@29626d54]" started-at="2023-09-29T21:39:09 EDT" name="setUp" finished-at="2023-09-29T21:39:11 EDT" duration-ms="1570" status="PASS">
          <reporter-output>
          </reporter-output>
        </test-method> <!-- setUp -->
        <test-method is-config="true" signature="setUp()[pri:0, instance:com.askomdch.testcases.HomeTest@29626d54]" started-at="2023-09-29T21:39:10 EDT" name="setUp" finished-at="2023-09-29T21:39:13 EDT" duration-ms="2472" status="PASS">
          <reporter-output>
          </reporter-output>
        </test-method> <!-- setUp -->
        <test-method is-config="true" signature="setUp()[pri:0, instance:com.askomdch.testcases.HomeTest@29626d54]" started-at="2023-09-29T21:39:10 EDT" name="setUp" finished-at="2023-09-29T21:39:15 EDT" duration-ms="4388" status="PASS">
          <reporter-output>
          </reporter-output>
        </test-method> <!-- setUp -->
        <test-method is-config="true" signature="setUp()[pri:0, instance:com.askomdch.testcases.HomeTest@29626d54]" started-at="2023-09-29T21:39:10 EDT" name="setUp" finished-at="2023-09-29T21:39:14 EDT" duration-ms="4149" status="PASS">
          <reporter-output>
          </reporter-output>
        </test-method> <!-- setUp -->
        <test-method is-config="true" signature="setUp()[pri:0, instance:com.askomdch.testcases.HomeTest@29626d54]" started-at="2023-09-29T21:39:11 EDT" name="setUp" finished-at="2023-09-29T21:39:16 EDT" duration-ms="4737" status="PASS">
          <reporter-output>
          </reporter-output>
        </test-method> <!-- setUp -->
        <test-method signature="testArticleOneHeaderText()[pri:0, instance:com.askomdch.testcases.HomeTest@29626d54]" started-at="2023-09-29T21:39:11 EDT" name="testArticleOneHeaderText" finished-at="2023-09-29T21:39:11 EDT" duration-ms="138" status="PASS">
          <reporter-output>
          </reporter-output>
        </test-method> <!-- testArticleOneHeaderText -->
        <test-method is-config="true" signature="tearDown()[pri:0, instance:com.askomdch.testcases.HomeTest@29626d54]" started-at="2023-09-29T21:39:11 EDT" name="tearDown" finished-at="2023-09-29T21:39:12 EDT" duration-ms="1307" status="PASS">
          <reporter-output>
          </reporter-output>
        </test-method> <!-- tearDown -->
        <test-method is-config="true" signature="startDriver(java.lang.String)[pri:0, instance:com.askomdch.testcases.HomeTest@29626d54]" started-at="2023-09-29T21:39:12 EDT" name="startDriver" finished-at="2023-09-29T21:39:18 EDT" duration-ms="5392" status="PASS">
          <params>
            <param index="0">
              <value>
                <![CDATA[FIREFOX]]>
              </value>
            </param>
          </params>
          <reporter-output>
          </reporter-output>
        </test-method> <!-- startDriver -->
        <test-method signature="testArticleImageOne()[pri:0, instance:com.askomdch.testcases.HomeTest@29626d54]" started-at="2023-09-29T21:39:13 EDT" name="testArticleImageOne" finished-at="2023-09-29T21:39:13 EDT" duration-ms="53" status="PASS">
          <reporter-output>
          </reporter-output>
        </test-method> <!-- testArticleImageOne -->
        <test-method is-config="true" signature="tearDown()[pri:0, instance:com.askomdch.testcases.HomeTest@29626d54]" started-at="2023-09-29T21:39:13 EDT" name="tearDown" finished-at="2023-09-29T21:39:14 EDT" duration-ms="1032" status="PASS">
          <reporter-output>
          </reporter-output>
        </test-method> <!-- tearDown -->
        <test-method is-config="true" signature="startDriver(java.lang.String)[pri:0, instance:com.askomdch.testcases.HomeTest@29626d54]" started-at="2023-09-29T21:39:14 EDT" name="startDriver" finished-at="2023-09-29T21:39:19 EDT" duration-ms="5648" status="PASS">
          <params>
            <param index="0">
              <value>
                <![CDATA[FIREFOX]]>
              </value>
            </param>
          </params>
          <reporter-output>
          </reporter-output>
        </test-method> <!-- startDriver -->
        <test-method signature="testArticleImageTwo()[pri:0, instance:com.askomdch.testcases.HomeTest@29626d54]" started-at="2023-09-29T21:39:14 EDT" name="testArticleImageTwo" finished-at="2023-09-29T21:39:15 EDT" duration-ms="73" status="PASS">
          <reporter-output>
          </reporter-output>
        </test-method> <!-- testArticleImageTwo -->
        <test-method is-config="true" signature="tearDown()[pri:0, instance:com.askomdch.testcases.HomeTest@29626d54]" started-at="2023-09-29T21:39:15 EDT" name="tearDown" finished-at="2023-09-29T21:39:16 EDT" duration-ms="1924" status="PASS">
          <reporter-output>
          </reporter-output>
        </test-method> <!-- tearDown -->
        <test-method signature="testArticleOneShopNowLinkHrefAttr()[pri:0, instance:com.askomdch.testcases.HomeTest@29626d54]" started-at="2023-09-29T21:39:15 EDT" name="testArticleOneShopNowLinkHrefAttr" finished-at="2023-09-29T21:39:15 EDT" duration-ms="74" status="PASS">
          <reporter-output>
          </reporter-output>
        </test-method> <!-- testArticleOneShopNowLinkHrefAttr -->
        <test-method is-config="true" signature="tearDown()[pri:0, instance:com.askomdch.testcases.HomeTest@29626d54]" started-at="2023-09-29T21:39:15 EDT" name="tearDown" finished-at="2023-09-29T21:39:17 EDT" duration-ms="1836" status="PASS">
          <reporter-output>
          </reporter-output>
        </test-method> <!-- tearDown -->
        <test-method signature="testArticleOneParagraphText()[pri:0, instance:com.askomdch.testcases.HomeTest@29626d54]" started-at="2023-09-29T21:39:16 EDT" name="testArticleOneParagraphText" finished-at="2023-09-29T21:39:16 EDT" duration-ms="54" status="PASS">
          <reporter-output>
          </reporter-output>
        </test-method> <!-- testArticleOneParagraphText -->
        <test-method is-config="true" signature="tearDown()[pri:0, instance:com.askomdch.testcases.HomeTest@29626d54]" started-at="2023-09-29T21:39:16 EDT" name="tearDown" finished-at="2023-09-29T21:39:17 EDT" duration-ms="1165" status="PASS">
          <reporter-output>
          </reporter-output>
        </test-method> <!-- tearDown -->
        <test-method is-config="true" signature="startDriver(java.lang.String)[pri:0, instance:com.askomdch.testcases.HomeTest@29626d54]" started-at="2023-09-29T21:39:16 EDT" name="startDriver" finished-at="2023-09-29T21:39:23 EDT" duration-ms="6233" status="PASS">
          <params>
            <param index="0">
              <value>
                <![CDATA[FIREFOX]]>
              </value>
            </param>
          </params>
          <reporter-output>
          </reporter-output>
        </test-method> <!-- startDriver -->
        <test-method is-config="true" signature="startDriver(java.lang.String)[pri:0, instance:com.askomdch.testcases.HomeTest@29626d54]" started-at="2023-09-29T21:39:17 EDT" name="startDriver" finished-at="2023-09-29T21:39:23 EDT" duration-ms="6053" status="PASS">
          <params>
            <param index="0">
              <value>
                <![CDATA[FIREFOX]]>
              </value>
            </param>
          </params>
          <reporter-output>
          </reporter-output>
        </test-method> <!-- startDriver -->
        <test-method is-config="true" signature="startDriver(java.lang.String)[pri:0, instance:com.askomdch.testcases.HomeTest@29626d54]" started-at="2023-09-29T21:39:17 EDT" name="startDriver" finished-at="2023-09-29T21:39:23 EDT" duration-ms="5979" status="PASS">
          <params>
            <param index="0">
              <value>
                <![CDATA[FIREFOX]]>
              </value>
            </param>
          </params>
          <reporter-output>
          </reporter-output>
        </test-method> <!-- startDriver -->
        <test-method is-config="true" signature="setUp()[pri:0, instance:com.askomdch.testcases.HomeTest@29626d54]" started-at="2023-09-29T21:39:18 EDT" name="setUp" finished-at="2023-09-29T21:39:20 EDT" duration-ms="2235" status="PASS">
          <reporter-output>
          </reporter-output>
        </test-method> <!-- setUp -->
        <test-method is-config="true" signature="setUp()[pri:0, instance:com.askomdch.testcases.HomeTest@29626d54]" started-at="2023-09-29T21:39:19 EDT" name="setUp" finished-at="2023-09-29T21:39:21 EDT" duration-ms="2001" status="PASS">
          <reporter-output>
          </reporter-output>
        </test-method> <!-- setUp -->
        <test-method signature="testArticleOneShopNowLinkText()[pri:0, instance:com.askomdch.testcases.HomeTest@29626d54]" started-at="2023-09-29T21:39:20 EDT" name="testArticleOneShopNowLinkText" finished-at="2023-09-29T21:39:20 EDT" duration-ms="56" status="PASS">
          <reporter-output>
          </reporter-output>
        </test-method> <!-- testArticleOneShopNowLinkText -->
        <test-method is-config="true" signature="tearDown()[pri:0, instance:com.askomdch.testcases.HomeTest@29626d54]" started-at="2023-09-29T21:39:20 EDT" name="tearDown" finished-at="2023-09-29T21:39:22 EDT" duration-ms="1707" status="PASS">
          <reporter-output>
          </reporter-output>
        </test-method> <!-- tearDown -->
        <test-method signature="testArticleTwoHeaderText()[pri:0, instance:com.askomdch.testcases.HomeTest@29626d54]" started-at="2023-09-29T21:39:21 EDT" name="testArticleTwoHeaderText" finished-at="2023-09-29T21:39:21 EDT" duration-ms="61" status="PASS">
          <reporter-output>
          </reporter-output>
        </test-method> <!-- testArticleTwoHeaderText -->
        <test-method is-config="true" signature="tearDown()[pri:0, instance:com.askomdch.testcases.HomeTest@29626d54]" started-at="2023-09-29T21:39:21 EDT" name="tearDown" finished-at="2023-09-29T21:39:23 EDT" duration-ms="1650" status="PASS">
          <reporter-output>
          </reporter-output>
        </test-method> <!-- tearDown -->
        <test-method is-config="true" signature="startDriver(java.lang.String)[pri:0, instance:com.askomdch.testcases.HomeTest@29626d54]" started-at="2023-09-29T21:39:22 EDT" name="startDriver" finished-at="2023-09-29T21:39:27 EDT" duration-ms="4912" status="PASS">
          <params>
            <param index="0">
              <value>
                <![CDATA[FIREFOX]]>
              </value>
            </param>
          </params>
          <reporter-output>
          </reporter-output>
        </test-method> <!-- startDriver -->
        <test-method is-config="true" signature="setUp()[pri:0, instance:com.askomdch.testcases.HomeTest@29626d54]" started-at="2023-09-29T21:39:23 EDT" name="setUp" finished-at="2023-09-29T21:39:24 EDT" duration-ms="1443" status="PASS">
          <reporter-output>
          </reporter-output>
        </test-method> <!-- setUp -->
        <test-method is-config="true" signature="setUp()[pri:0, instance:com.askomdch.testcases.HomeTest@29626d54]" started-at="2023-09-29T21:39:23 EDT" name="setUp" finished-at="2023-09-29T21:39:25 EDT" duration-ms="1835" status="PASS">
          <reporter-output>
          </reporter-output>
        </test-method> <!-- setUp -->
        <test-method is-config="true" signature="setUp()[pri:0, instance:com.askomdch.testcases.HomeTest@29626d54]" started-at="2023-09-29T21:39:23 EDT" name="setUp" finished-at="2023-09-29T21:39:25 EDT" duration-ms="2638" status="PASS">
          <reporter-output>
          </reporter-output>
        </test-method> <!-- setUp -->
        <test-method is-config="true" signature="startDriver(java.lang.String)[pri:0, instance:com.askomdch.testcases.HomeTest@29626d54]" started-at="2023-09-29T21:39:23 EDT" name="startDriver" finished-at="2023-09-29T21:39:29 EDT" duration-ms="5546" status="PASS">
          <params>
            <param index="0">
              <value>
                <![CDATA[FIREFOX]]>
              </value>
            </param>
          </params>
          <reporter-output>
          </reporter-output>
        </test-method> <!-- startDriver -->
        <test-method signature="testArticleTwoShopNowLinkHrefAttr()[pri:0, instance:com.askomdch.testcases.HomeTest@29626d54]" started-at="2023-09-29T21:39:24 EDT" name="testArticleTwoShopNowLinkHrefAttr" finished-at="2023-09-29T21:39:24 EDT" duration-ms="69" status="PASS">
          <reporter-output>
          </reporter-output>
        </test-method> <!-- testArticleTwoShopNowLinkHrefAttr -->
        <test-method is-config="true" signature="tearDown()[pri:0, instance:com.askomdch.testcases.HomeTest@29626d54]" started-at="2023-09-29T21:39:24 EDT" name="tearDown" finished-at="2023-09-29T21:39:26 EDT" duration-ms="1864" status="PASS">
          <reporter-output>
          </reporter-output>
        </test-method> <!-- tearDown -->
        <test-method signature="testArticleTwoParagraphText()[pri:0, instance:com.askomdch.testcases.HomeTest@29626d54]" started-at="2023-09-29T21:39:25 EDT" name="testArticleTwoParagraphText" finished-at="2023-09-29T21:39:25 EDT" duration-ms="55" status="PASS">
          <reporter-output>
          </reporter-output>
        </test-method> <!-- testArticleTwoParagraphText -->
        <test-method is-config="true" signature="tearDown()[pri:0, instance:com.askomdch.testcases.HomeTest@29626d54]" started-at="2023-09-29T21:39:25 EDT" name="tearDown" finished-at="2023-09-29T21:39:26 EDT" duration-ms="1743" status="PASS">
          <reporter-output>
          </reporter-output>
        </test-method> <!-- tearDown -->
        <test-method signature="testArticleTwoShopNowLinkText()[pri:0, instance:com.askomdch.testcases.HomeTest@29626d54]" started-at="2023-09-29T21:39:25 EDT" name="testArticleTwoShopNowLinkText" finished-at="2023-09-29T21:39:26 EDT" duration-ms="53" status="PASS">
          <reporter-output>
          </reporter-output>
        </test-method> <!-- testArticleTwoShopNowLinkText -->
        <test-method is-config="true" signature="tearDown()[pri:0, instance:com.askomdch.testcases.HomeTest@29626d54]" started-at="2023-09-29T21:39:26 EDT" name="tearDown" finished-at="2023-09-29T21:39:27 EDT" duration-ms="1185" status="PASS">
          <reporter-output>
          </reporter-output>
        </test-method> <!-- tearDown -->
        <test-method is-config="true" signature="startDriver(java.lang.String)[pri:0, instance:com.askomdch.testcases.HomeTest@29626d54]" started-at="2023-09-29T21:39:26 EDT" name="startDriver" finished-at="2023-09-29T21:39:31 EDT" duration-ms="4661" status="PASS">
          <params>
            <param index="0">
              <value>
                <![CDATA[FIREFOX]]>
              </value>
            </param>
          </params>
          <reporter-output>
          </reporter-output>
        </test-method> <!-- startDriver -->
        <test-method is-config="true" signature="startDriver(java.lang.String)[pri:0, instance:com.askomdch.testcases.HomeTest@29626d54]" started-at="2023-09-29T21:39:26 EDT" name="startDriver" finished-at="2023-09-29T21:39:32 EDT" duration-ms="5595" status="PASS">
          <params>
            <param index="0">
              <value>
                <![CDATA[FIREFOX]]>
              </value>
            </param>
          </params>
          <reporter-output>
          </reporter-output>
        </test-method> <!-- startDriver -->
        <test-method is-config="true" signature="startDriver(java.lang.String)[pri:0, instance:com.askomdch.testcases.HomeTest@29626d54]" started-at="2023-09-29T21:39:27 EDT" name="startDriver" finished-at="2023-09-29T21:39:32 EDT" duration-ms="5553" status="PASS">
          <params>
            <param index="0">
              <value>
                <![CDATA[FIREFOX]]>
              </value>
            </param>
          </params>
          <reporter-output>
          </reporter-output>
        </test-method> <!-- startDriver -->
        <test-method is-config="true" signature="setUp()[pri:0, instance:com.askomdch.testcases.HomeTest@29626d54]" started-at="2023-09-29T21:39:27 EDT" name="setUp" finished-at="2023-09-29T21:39:29 EDT" duration-ms="2107" status="PASS">
          <reporter-output>
          </reporter-output>
        </test-method> <!-- setUp -->
        <test-method is-config="true" signature="setUp()[pri:0, instance:com.askomdch.testcases.HomeTest@29626d54]" started-at="2023-09-29T21:39:29 EDT" name="setUp" finished-at="2023-09-29T21:39:32 EDT" duration-ms="2855" status="PASS">
          <reporter-output>
          </reporter-output>
        </test-method> <!-- setUp -->
        <test-method signature="testClickingOnFindMoreLinkOpensContactUsPage()[pri:0, instance:com.askomdch.testcases.HomeTest@29626d54]" started-at="2023-09-29T21:39:29 EDT" name="testClickingOnFindMoreLinkOpensContactUsPage" finished-at="2023-09-29T21:39:31 EDT" duration-ms="1779" status="PASS">
          <reporter-output>
          </reporter-output>
        </test-method> <!-- testClickingOnFindMoreLinkOpensContactUsPage -->
        <test-method is-config="true" signature="tearDown()[pri:0, instance:com.askomdch.testcases.HomeTest@29626d54]" started-at="2023-09-29T21:39:31 EDT" name="tearDown" finished-at="2023-09-29T21:39:32 EDT" duration-ms="1469" status="PASS">
          <reporter-output>
          </reporter-output>
        </test-method> <!-- tearDown -->
        <test-method is-config="true" signature="setUp()[pri:0, instance:com.askomdch.testcases.HomeTest@29626d54]" started-at="2023-09-29T21:39:31 EDT" name="setUp" finished-at="2023-09-29T21:39:33 EDT" duration-ms="2555" status="PASS">
          <reporter-output>
          </reporter-output>
        </test-method> <!-- setUp -->
        <test-method signature="testClickingOnShopNowLinkOpensProductCategoryMenPage()[pri:0, instance:com.askomdch.testcases.HomeTest@29626d54]" started-at="2023-09-29T21:39:32 EDT" name="testClickingOnShopNowLinkOpensProductCategoryMenPage" finished-at="2023-09-29T21:39:35 EDT" duration-ms="3259" status="PASS">
          <reporter-output>
          </reporter-output>
        </test-method> <!-- testClickingOnShopNowLinkOpensProductCategoryMenPage -->
        <test-method is-config="true" signature="setUp()[pri:0, instance:com.askomdch.testcases.HomeTest@29626d54]" started-at="2023-09-29T21:39:32 EDT" name="setUp" finished-at="2023-09-29T21:39:35 EDT" duration-ms="2707" status="PASS">
          <reporter-output>
          </reporter-output>
        </test-method> <!-- setUp -->
        <test-method is-config="true" signature="startDriver(java.lang.String)[pri:0, instance:com.askomdch.testcases.HomeTest@29626d54]" started-at="2023-09-29T21:39:32 EDT" name="startDriver" finished-at="2023-09-29T21:39:37 EDT" duration-ms="5096" status="PASS">
          <params>
            <param index="0">
              <value>
                <![CDATA[FIREFOX]]>
              </value>
            </param>
          </params>
          <reporter-output>
          </reporter-output>
        </test-method> <!-- startDriver -->
        <test-method is-config="true" signature="setUp()[pri:0, instance:com.askomdch.testcases.HomeTest@29626d54]" started-at="2023-09-29T21:39:32 EDT" name="setUp" finished-at="2023-09-29T21:39:34 EDT" duration-ms="2051" status="PASS">
          <reporter-output>
          </reporter-output>
        </test-method> <!-- setUp -->
        <test-method signature="testClickingOnShopNowLinkOpensProductCategoryWomenPage()[pri:0, instance:com.askomdch.testcases.HomeTest@29626d54]" started-at="2023-09-29T21:39:33 EDT" name="testClickingOnShopNowLinkOpensProductCategoryWomenPage" finished-at="2023-09-29T21:39:37 EDT" duration-ms="3479" status="PASS">
          <reporter-output>
          </reporter-output>
        </test-method> <!-- testClickingOnShopNowLinkOpensProductCategoryWomenPage -->
        <test-method signature="testEmptyCartText()[pri:0, instance:com.askomdch.testcases.HomeTest@29626d54]" started-at="2023-09-29T21:39:34 EDT" name="testEmptyCartText" finished-at="2023-09-29T21:39:34 EDT" duration-ms="53" status="PASS">
          <reporter-output>
          </reporter-output>
        </test-method> <!-- testEmptyCartText -->
        <test-method is-config="true" signature="tearDown()[pri:0, instance:com.askomdch.testcases.HomeTest@29626d54]" started-at="2023-09-29T21:39:34 EDT" name="tearDown" finished-at="2023-09-29T21:39:36 EDT" duration-ms="1843" status="PASS">
          <reporter-output>
          </reporter-output>
        </test-method> <!-- tearDown -->
        <test-method signature="testClickingOnShopNowLinkOpensStorePage()[pri:0, instance:com.askomdch.testcases.HomeTest@29626d54]" started-at="2023-09-29T21:39:35 EDT" name="testClickingOnShopNowLinkOpensStorePage" finished-at="2023-09-29T21:39:36 EDT" duration-ms="1163" status="PASS">
          <reporter-output>
          </reporter-output>
        </test-method> <!-- testClickingOnShopNowLinkOpensStorePage -->
        <test-method is-config="true" signature="tearDown()[pri:0, instance:com.askomdch.testcases.HomeTest@29626d54]" started-at="2023-09-29T21:39:35 EDT" name="tearDown" finished-at="2023-09-29T21:39:37 EDT" duration-ms="1791" status="PASS">
          <reporter-output>
          </reporter-output>
        </test-method> <!-- tearDown -->
        <test-method is-config="true" signature="tearDown()[pri:0, instance:com.askomdch.testcases.HomeTest@29626d54]" started-at="2023-09-29T21:39:36 EDT" name="tearDown" finished-at="2023-09-29T21:39:37 EDT" duration-ms="1574" status="PASS">
          <reporter-output>
          </reporter-output>
        </test-method> <!-- tearDown -->
        <test-method is-config="true" signature="startDriver(java.lang.String)[pri:0, instance:com.askomdch.testcases.HomeTest@29626d54]" started-at="2023-09-29T21:39:36 EDT" name="startDriver" finished-at="2023-09-29T21:39:43 EDT" duration-ms="6468" status="PASS">
          <params>
            <param index="0">
              <value>
                <![CDATA[FIREFOX]]>
              </value>
            </param>
          </params>
          <reporter-output>
          </reporter-output>
        </test-method> <!-- startDriver -->
        <test-method is-config="true" signature="startDriver(java.lang.String)[pri:0, instance:com.askomdch.testcases.HomeTest@29626d54]" started-at="2023-09-29T21:39:37 EDT" name="startDriver" finished-at="2023-09-29T21:39:43 EDT" duration-ms="6296" status="PASS">
          <params>
            <param index="0">
              <value>
                <![CDATA[FIREFOX]]>
              </value>
            </param>
          </params>
          <reporter-output>
          </reporter-output>
        </test-method> <!-- startDriver -->
        <test-method is-config="true" signature="tearDown()[pri:0, instance:com.askomdch.testcases.HomeTest@29626d54]" started-at="2023-09-29T21:39:37 EDT" name="tearDown" finished-at="2023-09-29T21:39:38 EDT" duration-ms="1389" status="PASS">
          <reporter-output>
          </reporter-output>
        </test-method> <!-- tearDown -->
        <test-method is-config="true" signature="setUp()[pri:0, instance:com.askomdch.testcases.HomeTest@29626d54]" started-at="2023-09-29T21:39:37 EDT" name="setUp" finished-at="2023-09-29T21:39:40 EDT" duration-ms="2385" status="PASS">
          <reporter-output>
          </reporter-output>
        </test-method> <!-- setUp -->
        <test-method is-config="true" signature="startDriver(java.lang.String)[pri:0, instance:com.askomdch.testcases.HomeTest@29626d54]" started-at="2023-09-29T21:39:37 EDT" name="startDriver" finished-at="2023-09-29T21:39:44 EDT" duration-ms="6214" status="PASS">
          <params>
            <param index="0">
              <value>
                <![CDATA[FIREFOX]]>
              </value>
            </param>
          </params>
          <reporter-output>
          </reporter-output>
        </test-method> <!-- startDriver -->
        <test-method is-config="true" signature="startDriver(java.lang.String)[pri:0, instance:com.askomdch.testcases.HomeTest@29626d54]" started-at="2023-09-29T21:39:38 EDT" name="startDriver" finished-at="2023-09-29T21:39:44 EDT" duration-ms="6086" status="PASS">
          <params>
            <param index="0">
              <value>
                <![CDATA[FIREFOX]]>
              </value>
            </param>
          </params>
          <reporter-output>
          </reporter-output>
        </test-method> <!-- startDriver -->
        <test-method signature="testFeaturedProductsText()[pri:0, instance:com.askomdch.testcases.HomeTest@29626d54]" started-at="2023-09-29T21:39:40 EDT" name="testFeaturedProductsText" finished-at="2023-09-29T21:39:40 EDT" duration-ms="106" status="PASS">
          <reporter-output>
          </reporter-output>
        </test-method> <!-- testFeaturedProductsText -->
        <test-method is-config="true" signature="tearDown()[pri:0, instance:com.askomdch.testcases.HomeTest@29626d54]" started-at="2023-09-29T21:39:40 EDT" name="tearDown" finished-at="2023-09-29T21:39:41 EDT" duration-ms="1562" status="PASS">
          <reporter-output>
          </reporter-output>
        </test-method> <!-- tearDown -->
        <test-method is-config="true" signature="startDriver(java.lang.String)[pri:0, instance:com.askomdch.testcases.HomeTest@29626d54]" started-at="2023-09-29T21:39:41 EDT" name="startDriver" finished-at="2023-09-29T21:39:46 EDT" duration-ms="5074" status="PASS">
          <params>
            <param index="0">
              <value>
                <![CDATA[FIREFOX]]>
              </value>
            </param>
          </params>
          <reporter-output>
          </reporter-output>
        </test-method> <!-- startDriver -->
        <test-method is-config="true" signature="setUp()[pri:0, instance:com.askomdch.testcases.HomeTest@29626d54]" started-at="2023-09-29T21:39:43 EDT" name="setUp" finished-at="2023-09-29T21:39:47 EDT" duration-ms="3916" status="PASS">
          <reporter-output>
          </reporter-output>
        </test-method> <!-- setUp -->
        <test-method is-config="true" signature="setUp()[pri:0, instance:com.askomdch.testcases.HomeTest@29626d54]" started-at="2023-09-29T21:39:43 EDT" name="setUp" finished-at="2023-09-29T21:39:46 EDT" duration-ms="3154" status="PASS">
          <reporter-output>
          </reporter-output>
        </test-method> <!-- setUp -->
        <test-method is-config="true" signature="setUp()[pri:0, instance:com.askomdch.testcases.HomeTest@29626d54]" started-at="2023-09-29T21:39:44 EDT" name="setUp" finished-at="2023-09-29T21:39:47 EDT" duration-ms="3242" status="PASS">
          <reporter-output>
          </reporter-output>
        </test-method> <!-- setUp -->
        <test-method is-config="true" signature="setUp()[pri:0, instance:com.askomdch.testcases.HomeTest@29626d54]" started-at="2023-09-29T21:39:44 EDT" name="setUp" finished-at="2023-09-29T21:39:47 EDT" duration-ms="2870" status="PASS">
          <reporter-output>
          </reporter-output>
        </test-method> <!-- setUp -->
        <test-method signature="testFindMoreLinkText()[pri:0, instance:com.askomdch.testcases.HomeTest@29626d54]" started-at="2023-09-29T21:39:46 EDT" name="testFindMoreLinkText" finished-at="2023-09-29T21:39:46 EDT" duration-ms="62" status="PASS">
          <reporter-output>
          </reporter-output>
        </test-method> <!-- testFindMoreLinkText -->
        <test-method is-config="true" signature="tearDown()[pri:0, instance:com.askomdch.testcases.HomeTest@29626d54]" started-at="2023-09-29T21:39:46 EDT" name="tearDown" finished-at="2023-09-29T21:39:48 EDT" duration-ms="1563" status="PASS">
          <reporter-output>
          </reporter-output>
        </test-method> <!-- tearDown -->
        <test-method is-config="true" signature="setUp()[pri:0, instance:com.askomdch.testcases.HomeTest@29626d54]" started-at="2023-09-29T21:39:46 EDT" name="setUp" finished-at="2023-09-29T21:39:48 EDT" duration-ms="1957" status="PASS">
          <reporter-output>
          </reporter-output>
        </test-method> <!-- setUp -->
        <test-method signature="testFindMoreHrefAttr()[pri:0, instance:com.askomdch.testcases.HomeTest@29626d54]" started-at="2023-09-29T21:39:47 EDT" name="testFindMoreHrefAttr" finished-at="2023-09-29T21:39:47 EDT" duration-ms="32" status="PASS">
          <reporter-output>
          </reporter-output>
        </test-method> <!-- testFindMoreHrefAttr -->
        <test-method is-config="true" signature="tearDown()[pri:0, instance:com.askomdch.testcases.HomeTest@29626d54]" started-at="2023-09-29T21:39:47 EDT" name="tearDown" finished-at="2023-09-29T21:39:48 EDT" duration-ms="1472" status="PASS">
          <reporter-output>
          </reporter-output>
        </test-method> <!-- tearDown -->
        <test-method signature="testLogoText()[pri:0, instance:com.askomdch.testcases.HomeTest@29626d54]" started-at="2023-09-29T21:39:47 EDT" name="testLogoText" finished-at="2023-09-29T21:39:47 EDT" duration-ms="71" status="PASS">
          <reporter-output>
          </reporter-output>
        </test-method> <!-- testLogoText -->
        <test-method is-config="true" signature="tearDown()[pri:0, instance:com.askomdch.testcases.HomeTest@29626d54]" started-at="2023-09-29T21:39:47 EDT" name="tearDown" finished-at="2023-09-29T21:39:48 EDT" duration-ms="1453" status="PASS">
          <reporter-output>
          </reporter-output>
        </test-method> <!-- tearDown -->
        <test-method signature="testNavbarContentText()[pri:0, instance:com.askomdch.testcases.HomeTest@29626d54]" started-at="2023-09-29T21:39:47 EDT" name="testNavbarContentText" finished-at="2023-09-29T21:39:47 EDT" duration-ms="116" status="PASS">
          <reporter-output>
          </reporter-output>
        </test-method> <!-- testNavbarContentText -->
        <test-method is-config="true" signature="tearDown()[pri:0, instance:com.askomdch.testcases.HomeTest@29626d54]" started-at="2023-09-29T21:39:47 EDT" name="tearDown" finished-at="2023-09-29T21:39:48 EDT" duration-ms="1157" status="PASS">
          <reporter-output>
          </reporter-output>
        </test-method> <!-- tearDown -->
        <test-method is-config="true" signature="startDriver(java.lang.String)[pri:0, instance:com.askomdch.testcases.HomeTest@29626d54]" started-at="2023-09-29T21:39:48 EDT" name="startDriver" finished-at="2023-09-29T21:39:54 EDT" duration-ms="6005" status="PASS">
          <params>
            <param index="0">
              <value>
                <![CDATA[FIREFOX]]>
              </value>
            </param>
          </params>
          <reporter-output>
          </reporter-output>
        </test-method> <!-- startDriver -->
        <test-method is-config="true" signature="startDriver(java.lang.String)[pri:0, instance:com.askomdch.testcases.HomeTest@29626d54]" started-at="2023-09-29T21:39:48 EDT" name="startDriver" finished-at="2023-09-29T21:39:54 EDT" duration-ms="6053" status="PASS">
          <params>
            <param index="0">
              <value>
                <![CDATA[FIREFOX]]>
              </value>
            </param>
          </params>
          <reporter-output>
          </reporter-output>
        </test-method> <!-- startDriver -->
        <test-method signature="testPageHeaderFontWeight()[pri:0, instance:com.askomdch.testcases.HomeTest@29626d54]" started-at="2023-09-29T21:39:48 EDT" name="testPageHeaderFontWeight" finished-at="2023-09-29T21:39:48 EDT" duration-ms="67" status="PASS">
          <reporter-output>
          </reporter-output>
        </test-method> <!-- testPageHeaderFontWeight -->
        <test-method is-config="true" signature="startDriver(java.lang.String)[pri:0, instance:com.askomdch.testcases.HomeTest@29626d54]" started-at="2023-09-29T21:39:48 EDT" name="startDriver" finished-at="2023-09-29T21:39:55 EDT" duration-ms="6200" status="PASS">
          <params>
            <param index="0">
              <value>
                <![CDATA[FIREFOX]]>
              </value>
            </param>
          </params>
          <reporter-output>
          </reporter-output>
        </test-method> <!-- startDriver -->
        <test-method is-config="true" signature="startDriver(java.lang.String)[pri:0, instance:com.askomdch.testcases.HomeTest@29626d54]" started-at="2023-09-29T21:39:48 EDT" name="startDriver" finished-at="2023-09-29T21:39:54 EDT" duration-ms="5910" status="PASS">
          <params>
            <param index="0">
              <value>
                <![CDATA[FIREFOX]]>
              </value>
            </param>
          </params>
          <reporter-output>
          </reporter-output>
        </test-method> <!-- startDriver -->
        <test-method is-config="true" signature="tearDown()[pri:0, instance:com.askomdch.testcases.HomeTest@29626d54]" started-at="2023-09-29T21:39:48 EDT" name="tearDown" finished-at="2023-09-29T21:39:50 EDT" duration-ms="1390" status="PASS">
          <reporter-output>
          </reporter-output>
        </test-method> <!-- tearDown -->
        <test-method is-config="true" signature="startDriver(java.lang.String)[pri:0, instance:com.askomdch.testcases.HomeTest@29626d54]" started-at="2023-09-29T21:39:50 EDT" name="startDriver" finished-at="2023-09-29T21:39:55 EDT" duration-ms="5644" status="PASS">
          <params>
            <param index="0">
              <value>
                <![CDATA[FIREFOX]]>
              </value>
            </param>
          </params>
          <reporter-output>
          </reporter-output>
        </test-method> <!-- startDriver -->
        <test-method is-config="true" signature="setUp()[pri:0, instance:com.askomdch.testcases.HomeTest@29626d54]" started-at="2023-09-29T21:39:54 EDT" name="setUp" finished-at="2023-09-29T21:39:57 EDT" duration-ms="3339" status="PASS">
          <reporter-output>
          </reporter-output>
        </test-method> <!-- setUp -->
        <test-method is-config="true" signature="setUp()[pri:0, instance:com.askomdch.testcases.HomeTest@29626d54]" started-at="2023-09-29T21:39:54 EDT" name="setUp" finished-at="2023-09-29T21:39:56 EDT" duration-ms="2211" status="PASS">
          <reporter-output>
          </reporter-output>
        </test-method> <!-- setUp -->
        <test-method is-config="true" signature="setUp()[pri:0, instance:com.askomdch.testcases.HomeTest@29626d54]" started-at="2023-09-29T21:39:54 EDT" name="setUp" finished-at="2023-09-29T21:39:57 EDT" duration-ms="2829" status="PASS">
          <reporter-output>
          </reporter-output>
        </test-method> <!-- setUp -->
        <test-method is-config="true" signature="setUp()[pri:0, instance:com.askomdch.testcases.HomeTest@29626d54]" started-at="2023-09-29T21:39:55 EDT" name="setUp" finished-at="2023-09-29T21:39:57 EDT" duration-ms="2519" status="PASS">
          <reporter-output>
          </reporter-output>
        </test-method> <!-- setUp -->
        <test-method is-config="true" signature="setUp()[pri:0, instance:com.askomdch.testcases.HomeTest@29626d54]" started-at="2023-09-29T21:39:55 EDT" name="setUp" finished-at="2023-09-29T21:39:58 EDT" duration-ms="2173" status="PASS">
          <reporter-output>
          </reporter-output>
        </test-method> <!-- setUp -->
        <test-method signature="testPageSubHeaderText()[pri:0, instance:com.askomdch.testcases.HomeTest@29626d54]" started-at="2023-09-29T21:39:56 EDT" name="testPageSubHeaderText" finished-at="2023-09-29T21:39:56 EDT" duration-ms="70" status="PASS">
          <reporter-output>
          </reporter-output>
        </test-method> <!-- testPageSubHeaderText -->
        <test-method is-config="true" signature="tearDown()[pri:0, instance:com.askomdch.testcases.HomeTest@29626d54]" started-at="2023-09-29T21:39:56 EDT" name="tearDown" finished-at="2023-09-29T21:39:58 EDT" duration-ms="1720" status="PASS">
          <reporter-output>
          </reporter-output>
        </test-method> <!-- tearDown -->
        <test-method signature="testPageHeaderText()[pri:0, instance:com.askomdch.testcases.HomeTest@29626d54]" started-at="2023-09-29T21:39:57 EDT" name="testPageHeaderText" finished-at="2023-09-29T21:39:57 EDT" duration-ms="61" status="PASS">
          <reporter-output>
          </reporter-output>
        </test-method> <!-- testPageHeaderText -->
        <test-method is-config="true" signature="tearDown()[pri:0, instance:com.askomdch.testcases.HomeTest@29626d54]" started-at="2023-09-29T21:39:57 EDT" name="tearDown" finished-at="2023-09-29T21:39:59 EDT" duration-ms="1627" status="PASS">
          <reporter-output>
          </reporter-output>
        </test-method> <!-- tearDown -->
        <test-method signature="testPageTitle()[pri:0, instance:com.askomdch.testcases.HomeTest@29626d54]" started-at="2023-09-29T21:39:57 EDT" name="testPageTitle" finished-at="2023-09-29T21:39:57 EDT" duration-ms="13" status="PASS">
          <reporter-output>
          </reporter-output>
        </test-method> <!-- testPageTitle -->
        <test-method is-config="true" signature="tearDown()[pri:0, instance:com.askomdch.testcases.HomeTest@29626d54]" started-at="2023-09-29T21:39:57 EDT" name="tearDown" finished-at="2023-09-29T21:39:59 EDT" duration-ms="1769" status="PASS">
          <reporter-output>
          </reporter-output>
        </test-method> <!-- tearDown -->
        <test-method signature="testShopNowHrefAttr()[pri:0, instance:com.askomdch.testcases.HomeTest@29626d54]" started-at="2023-09-29T21:39:57 EDT" name="testShopNowHrefAttr" finished-at="2023-09-29T21:39:57 EDT" duration-ms="60" status="PASS">
          <reporter-output>
          </reporter-output>
        </test-method> <!-- testShopNowHrefAttr -->
        <test-method is-config="true" signature="tearDown()[pri:0, instance:com.askomdch.testcases.HomeTest@29626d54]" started-at="2023-09-29T21:39:57 EDT" name="tearDown" finished-at="2023-09-29T21:39:59 EDT" duration-ms="1732" status="PASS">
          <reporter-output>
          </reporter-output>
        </test-method> <!-- tearDown -->
        <test-method signature="testShopNowLinkText()[pri:0, instance:com.askomdch.testcases.HomeTest@29626d54]" started-at="2023-09-29T21:39:58 EDT" name="testShopNowLinkText" finished-at="2023-09-29T21:39:58 EDT" duration-ms="81" status="PASS">
          <reporter-output>
          </reporter-output>
        </test-method> <!-- testShopNowLinkText -->
        <test-method is-config="true" signature="tearDown()[pri:0, instance:com.askomdch.testcases.HomeTest@29626d54]" started-at="2023-09-29T21:39:58 EDT" name="tearDown" finished-at="2023-09-29T21:39:59 EDT" duration-ms="1253" status="PASS">
          <reporter-output>
          </reporter-output>
        </test-method> <!-- tearDown -->
        <test-method is-config="true" signature="startDriver(java.lang.String)[pri:0, instance:com.askomdch.testcases.HomeTest@29626d54]" started-at="2023-09-29T21:39:58 EDT" name="startDriver" finished-at="2023-09-29T21:40:02 EDT" duration-ms="3388" status="PASS">
          <params>
            <param index="0">
              <value>
                <![CDATA[FIREFOX]]>
              </value>
            </param>
          </params>
          <reporter-output>
          </reporter-output>
        </test-method> <!-- startDriver -->
        <test-method is-config="true" signature="setUp()[pri:0, instance:com.askomdch.testcases.HomeTest@29626d54]" started-at="2023-09-29T21:40:02 EDT" name="setUp" finished-at="2023-09-29T21:40:03 EDT" duration-ms="1209" status="PASS">
          <reporter-output>
          </reporter-output>
        </test-method> <!-- setUp -->
        <test-method signature="testStoreHeaderText()[pri:0, instance:com.askomdch.testcases.HomeTest@29626d54]" started-at="2023-09-29T21:40:03 EDT" name="testStoreHeaderText" finished-at="2023-09-29T21:40:04 EDT" duration-ms="1713" status="PASS">
          <reporter-output>
          </reporter-output>
        </test-method> <!-- testStoreHeaderText -->
        <test-method is-config="true" signature="tearDown()[pri:0, instance:com.askomdch.testcases.HomeTest@29626d54]" started-at="2023-09-29T21:40:04 EDT" name="tearDown" finished-at="2023-09-29T21:40:05 EDT" duration-ms="636" status="PASS">
          <reporter-output>
          </reporter-output>
        </test-method> <!-- tearDown -->
      </class> <!-- com.askomdch.testcases.HomeTest -->
    </test> <!-- Firefox -->
  </suite> <!-- Suite1 -->
</testng-results>
