<?xml version="1.0" encoding="UTF-8"?>
<testsuite xmlns:xsi="http://www.w3.org/2001/XMLSchema-instance" xsi:noNamespaceSchemaLocation="https://maven.apache.org/surefire/maven-surefire-plugin/xsd/surefire-test-report-3.0.xsd" version="3.0" name="TestSuite" time="100.024" tests="54" errors="0" skipped="0" failures="0">
  <properties>
[...]
</properties>
  <testcase name="testArticleOneParagraphText" classname="com.askomdch.testcases.HomeTest" time="0.156">
    <system-out><![CDATA[THREAD ID IS: 27
THREAD ID IS: 23
THREAD ID IS: 25
THREAD ID IS: 26
THREAD ID IS: 24
]]></system-out>
    <system-err><![CDATA[SLF4J: Failed to load class "org.slf4j.impl.StaticLoggerBinder".
SLF4J: Defaulting to no-operation (NOP) logger implementation
SLF4J: See http://www.slf4j.org/codes.html#StaticLoggerBinder for further details.
Sep 29, 2023 9:38:31 PM org.openqa.selenium.devtools.CdpVersionFinder findNearestMatch
WARNING: Unable to find an exact match for CDP version 117, so returning the closest version found: 116
Sep 29, 2023 9:38:31 PM org.openqa.selenium.devtools.CdpVersionFinder findNearestMatch
WARNING: Unable to find an exact match for CDP version 117, so returning the closest version found: 116
Sep 29, 2023 9:38:31 PM org.openqa.selenium.devtools.CdpVersionFinder findNearestMatch
WARNING: Unable to find an exact match for CDP version 117, so returning the closest version found: 116
Sep 29, 2023 9:38:31 PM org.openqa.selenium.devtools.CdpVersionFinder findNearestMatch
WARNING: Unable to find an exact match for CDP version 117, so returning the closest version found: 116
Sep 29, 2023 9:38:31 PM org.openqa.selenium.devtools.CdpVersionFinder findNearestMatch
WARNING: Unable to find an exact match for CDP version 117, so returning the closest version found: 116
]]></system-err>
  </testcase>
  <testcase name="testArticleOneParagraphText" classname="com.askomdch.testcases.HomeTest" time="0.055"/>
  <testcase name="testArticleOneShopNowLinkHrefAttr" classname="com.askomdch.testcases.HomeTest" time="0.062">
    <system-err><![CDATA[Sep 29, 2023 9:38:34 PM org.openqa.selenium.remote.http.WebSocket$Listener onError
WARNING: Connection reset
java.net.SocketException: Connection reset
	at java.base/sun.nio.ch.SocketChannelImpl.throwConnectionReset(SocketChannelImpl.java:394)
	at java.base/sun.nio.ch.SocketChannelImpl.read(SocketChannelImpl.java:426)
	at io.netty.buffer.PooledByteBuf.setBytes(PooledByteBuf.java:254)
	at io.netty.buffer.AbstractByteBuf.writeBytes(AbstractByteBuf.java:1132)
	at io.netty.channel.socket.nio.NioSocketChannel.doReadBytes(NioSocketChannel.java:357)
	at io.netty.channel.nio.AbstractNioByteChannel$NioByteUnsafe.read(AbstractNioByteChannel.java:151)
	at io.netty.channel.nio.NioEventLoop.processSelectedKey(NioEventLoop.java:788)
	at io.netty.channel.nio.NioEventLoop.processSelectedKeysOptimized(NioEventLoop.java:724)
	at io.netty.channel.nio.NioEventLoop.processSelectedKeys(NioEventLoop.java:650)
	at io.netty.channel.nio.NioEventLoop.run(NioEventLoop.java:562)
	at io.netty.util.concurrent.SingleThreadEventExecutor$4.run(SingleThreadEventExecutor.java:997)
	at io.netty.util.internal.ThreadExecutorMap$2.run(ThreadExecutorMap.java:74)
	at io.netty.util.concurrent.FastThreadLocalRunnable.run(FastThreadLocalRunnable.java:30)
	at java.base/java.lang.Thread.run(Thread.java:831)

]]></system-err>
  </testcase>
  <testcase name="testArticleOneShopNowLinkHrefAttr" classname="com.askomdch.testcases.HomeTest" time="0.074"/>
  <testcase name="testArticleOneHeaderText" classname="com.askomdch.testcases.HomeTest" time="0.07"/>
  <testcase name="testArticleOneHeaderText" classname="com.askomdch.testcases.HomeTest" time="0.137">
    <system-out><![CDATA[THREAD ID IS: 338
THREAD ID IS: 336
THREAD ID IS: 340
THREAD ID IS: 337
THREAD ID IS: 339
]]></system-out>
  </testcase>
  <testcase name="testArticleImageOne" classname="com.askomdch.testcases.HomeTest" time="0.041"/>
  <testcase name="testArticleImageOne" classname="com.askomdch.testcases.HomeTest" time="0.053"/>
  <testcase name="testArticleImageTwo" classname="com.askomdch.testcases.HomeTest" time="0.103"/>
  <testcase name="testArticleImageTwo" classname="com.askomdch.testcases.HomeTest" time="0.072"/>
  <testcase name="testArticleTwoShopNowLinkText" classname="com.askomdch.testcases.HomeTest" time="0.046">
    <system-out><![CDATA[THREAD ID IS: 27
THREAD ID IS: 26
THREAD ID IS: 24
THREAD ID IS: 23
THREAD ID IS: 25
]]></system-out>
    <system-err><![CDATA[Sep 29, 2023 9:38:37 PM org.openqa.selenium.devtools.CdpVersionFinder findNearestMatch
WARNING: Unable to find an exact match for CDP version 117, so returning the closest version found: 116
Sep 29, 2023 9:38:37 PM org.openqa.selenium.devtools.CdpVersionFinder findNearestMatch
WARNING: Unable to find an exact match for CDP version 117, so returning the closest version found: 116
Sep 29, 2023 9:38:38 PM org.openqa.selenium.devtools.CdpVersionFinder findNearestMatch
WARNING: Unable to find an exact match for CDP version 117, so returning the closest version found: 116
Sep 29, 2023 9:38:38 PM org.openqa.selenium.devtools.CdpVersionFinder findNearestMatch
WARNING: Unable to find an exact match for CDP version 117, so returning the closest version found: 116
Sep 29, 2023 9:38:38 PM org.openqa.selenium.devtools.CdpVersionFinder findNearestMatch
WARNING: Unable to find an exact match for CDP version 117, so returning the closest version found: 116
]]></system-err>
  </testcase>
  <testcase name="testArticleTwoShopNowLinkText" classname="com.askomdch.testcases.HomeTest" time="0.054"/>
  <testcase name="testArticleTwoHeaderText" classname="com.askomdch.testcases.HomeTest" time="0.118"/>
  <testcase name="testArticleTwoHeaderText" classname="com.askomdch.testcases.HomeTest" time="0.063"/>
  <testcase name="testArticleOneShopNowLinkText" classname="com.askomdch.testcases.HomeTest" time="0.088"/>
  <testcase name="testArticleOneShopNowLinkText" classname="com.askomdch.testcases.HomeTest" time="0.056">
    <system-out><![CDATA[THREAD ID IS: 338
THREAD ID IS: 336
]]></system-out>
  </testcase>
  <testcase name="testArticleTwoShopNowLinkHrefAttr" classname="com.askomdch.testcases.HomeTest" time="0.408"/>
  <testcase name="testArticleTwoShopNowLinkHrefAttr" classname="com.askomdch.testcases.HomeTest" time="0.068">
    <system-out><![CDATA[THREAD ID IS: 340
THREAD ID IS: 337
THREAD ID IS: 339
]]></system-out>
  </testcase>
  <testcase name="testArticleTwoParagraphText" classname="com.askomdch.testcases.HomeTest" time="0.068"/>
  <testcase name="testArticleTwoParagraphText" classname="com.askomdch.testcases.HomeTest" time="0.055"/>
  <testcase name="testClickingOnFindMoreLinkOpensContactUsPage" classname="com.askomdch.testcases.HomeTest" time="0.025">
    <system-out><![CDATA[THREAD ID IS: 23
THREAD ID IS: 27
THREAD ID IS: 26
THREAD ID IS: 25
THREAD ID IS: 24
]]></system-out>
    <system-err><![CDATA[Sep 29, 2023 9:38:42 PM org.openqa.selenium.devtools.CdpVersionFinder findNearestMatch
WARNING: Unable to find an exact match for CDP version 117, so returning the closest version found: 116
Sep 29, 2023 9:38:42 PM org.openqa.selenium.devtools.CdpVersionFinder findNearestMatch
WARNING: Unable to find an exact match for CDP version 117, so returning the closest version found: 116
Sep 29, 2023 9:38:42 PM org.openqa.selenium.devtools.CdpVersionFinder findNearestMatch
WARNING: Unable to find an exact match for CDP version 117, so returning the closest version found: 116
Sep 29, 2023 9:38:44 PM org.openqa.selenium.devtools.CdpVersionFinder findNearestMatch
WARNING: Unable to find an exact match for CDP version 117, so returning the closest version found: 116
Sep 29, 2023 9:38:44 PM org.openqa.selenium.devtools.CdpVersionFinder findNearestMatch
WARNING: Unable to find an exact match for CDP version 117, so returning the closest version found: 116
]]></system-err>
  </testcase>
  <testcase name="testClickingOnFindMoreLinkOpensContactUsPage" classname="com.askomdch.testcases.HomeTest" time="1.775">
    <system-out><![CDATA[THREAD ID IS: 338
THREAD ID IS: 336
]]></system-out>
  </testcase>
  <testcase name="testEmptyCartText" classname="com.askomdch.testcases.HomeTest" time="0.056"/>
  <testcase name="testEmptyCartText" classname="com.askomdch.testcases.HomeTest" time="0.052">
    <system-out><![CDATA[THREAD ID IS: 340
THREAD ID IS: 337
THREAD ID IS: 339
]]></system-out>
  </testcase>
  <testcase name="testClickingOnShopNowLinkOpensProductCategoryMenPage" classname="com.askomdch.testcases.HomeTest" time="0.263"/>
  <testcase name="testClickingOnShopNowLinkOpensProductCategoryMenPage" classname="com.askomdch.testcases.HomeTest" time="0.147"/>
  <testcase name="testClickingOnShopNowLinkOpensProductCategoryWomenPage" classname="com.askomdch.testcases.HomeTest" time="1.134"/>
  <testcase name="testClickingOnShopNowLinkOpensProductCategoryWomenPage" classname="com.askomdch.testcases.HomeTest" time="2.105"/>
  <testcase name="testClickingOnShopNowLinkOpensStorePage" classname="com.askomdch.testcases.HomeTest" time="1.642">
    <system-err><![CDATA[Sep 29, 2023 9:38:48 PM org.openqa.selenium.devtools.CdpVersionFinder findNearestMatch
WARNING: Unable to find an exact match for CDP version 117, so returning the closest version found: 116
Sep 29, 2023 9:38:48 PM org.openqa.selenium.devtools.CdpVersionFinder findNearestMatch
WARNING: Unable to find an exact match for CDP version 117, so returning the closest version found: 116
]]></system-err>
  </testcase>
  <testcase name="testClickingOnShopNowLinkOpensStorePage" classname="com.askomdch.testcases.HomeTest" time="1.164"/>
  <testcase name="testFeaturedProductsText" classname="com.askomdch.testcases.HomeTest" time="0.216">
    <system-out><![CDATA[THREAD ID IS: 23
THREAD ID IS: 25
THREAD ID IS: 27
]]></system-out>
    <system-err><![CDATA[Sep 29, 2023 9:38:50 PM org.openqa.selenium.devtools.CdpVersionFinder findNearestMatch
WARNING: Unable to find an exact match for CDP version 117, so returning the closest version found: 116
Sep 29, 2023 9:38:50 PM org.openqa.selenium.devtools.CdpVersionFinder findNearestMatch
WARNING: Unable to find an exact match for CDP version 117, so returning the closest version found: 116
Sep 29, 2023 9:38:51 PM org.openqa.selenium.devtools.CdpVersionFinder findNearestMatch
WARNING: Unable to find an exact match for CDP version 117, so returning the closest version found: 116
]]></system-err>
  </testcase>
  <testcase name="testFeaturedProductsText" classname="com.askomdch.testcases.HomeTest" time="0.105">
    <system-out><![CDATA[THREAD ID IS: 338
]]></system-out>
  </testcase>
  <testcase name="testFindMoreHrefAttr" classname="com.askomdch.testcases.HomeTest" time="0.038">
    <system-out><![CDATA[THREAD ID IS: 26
THREAD ID IS: 24
]]></system-out>
  </testcase>
  <testcase name="testFindMoreHrefAttr" classname="com.askomdch.testcases.HomeTest" time="0.032">
    <system-out><![CDATA[THREAD ID IS: 338
]]></system-out>
  </testcase>
  <testcase name="testLogoText" classname="com.askomdch.testcases.HomeTest" time="0.04"/>
  <testcase name="testLogoText" classname="com.askomdch.testcases.HomeTest" time="0.068"/>
  <testcase name="testFindMoreLinkText" classname="com.askomdch.testcases.HomeTest" time="0.044"/>
  <testcase name="testFindMoreLinkText" classname="com.askomdch.testcases.HomeTest" time="0.062">
    <system-out><![CDATA[THREAD ID IS: 339
THREAD ID IS: 336
THREAD ID IS: 337
THREAD ID IS: 340
]]></system-out>
  </testcase>
  <testcase name="testNavbarContentText" classname="com.askomdch.testcases.HomeTest" time="0.136">
    <system-err><![CDATA[Sep 29, 2023 9:38:53 PM org.openqa.selenium.devtools.CdpVersionFinder findNearestMatch
WARNING: Unable to find an exact match for CDP version 117, so returning the closest version found: 116
]]></system-err>
  </testcase>
  <testcase name="testNavbarContentText" classname="com.askomdch.testcases.HomeTest" time="0.117"/>
  <testcase name="testPageHeaderText" classname="com.askomdch.testcases.HomeTest" time="0.013">
    <system-out><![CDATA[THREAD ID IS: 23
THREAD ID IS: 25
THREAD ID IS: 26
THREAD ID IS: 27
]]></system-out>
    <system-err><![CDATA[Sep 29, 2023 9:38:54 PM org.openqa.selenium.devtools.CdpVersionFinder findNearestMatch
WARNING: Unable to find an exact match for CDP version 117, so returning the closest version found: 116
Sep 29, 2023 9:38:55 PM org.openqa.selenium.devtools.CdpVersionFinder findNearestMatch
WARNING: Unable to find an exact match for CDP version 117, so returning the closest version found: 116
Sep 29, 2023 9:38:56 PM org.openqa.selenium.devtools.CdpVersionFinder findNearestMatch
WARNING: Unable to find an exact match for CDP version 117, so returning the closest version found: 116
]]></system-err>
  </testcase>
  <testcase name="testPageHeaderText" classname="com.askomdch.testcases.HomeTest" time="0.06"/>
  <testcase name="testPageHeaderFontWeight" classname="com.askomdch.testcases.HomeTest" time="0.056"/>
  <testcase name="testPageHeaderFontWeight" classname="com.askomdch.testcases.HomeTest" time="0.066"/>
  <testcase name="testPageSubHeaderText" classname="com.askomdch.testcases.HomeTest" time="0.052">
    <system-err><![CDATA[Sep 29, 2023 9:38:57 PM org.openqa.selenium.devtools.CdpVersionFinder findNearestMatch
WARNING: Unable to find an exact match for CDP version 117, so returning the closest version found: 116
]]></system-err>
  </testcase>
  <testcase name="testPageSubHeaderText" classname="com.askomdch.testcases.HomeTest" time="0.07">
    <system-out><![CDATA[THREAD ID IS: 336
THREAD ID IS: 339
THREAD ID IS: 340
THREAD ID IS: 337
THREAD ID IS: 338
]]></system-out>
  </testcase>
  <testcase name="testPageTitle" classname="com.askomdch.testcases.HomeTest" time="0.044">
    <system-out><![CDATA[THREAD ID IS: 24
THREAD ID IS: 25
THREAD ID IS: 23
]]></system-out>
    <system-err><![CDATA[Sep 29, 2023 9:38:59 PM org.openqa.selenium.devtools.CdpVersionFinder findNearestMatch
WARNING: Unable to find an exact match for CDP version 117, so returning the closest version found: 116
Sep 29, 2023 9:38:59 PM org.openqa.selenium.devtools.CdpVersionFinder findNearestMatch
WARNING: Unable to find an exact match for CDP version 117, so returning the closest version found: 116
]]></system-err>
  </testcase>
  <testcase name="testPageTitle" classname="com.askomdch.testcases.HomeTest" time="0.013"/>
  <testcase name="testShopNowHrefAttr" classname="com.askomdch.testcases.HomeTest" time="0.033"/>
  <testcase name="testShopNowHrefAttr" classname="com.askomdch.testcases.HomeTest" time="0.061"/>
  <testcase name="testShopNowLinkText" classname="com.askomdch.testcases.HomeTest" time="0.038"/>
  <testcase name="testShopNowLinkText" classname="com.askomdch.testcases.HomeTest" time="0.082"/>
  <testcase name="testStoreHeaderText" classname="com.askomdch.testcases.HomeTest" time="1.65"/>
  <testcase name="testStoreHeaderText" classname="com.askomdch.testcases.HomeTest" time="1.712">
    <system-out><![CDATA[THREAD ID IS: 339
]]></system-out>
  </testcase>
</testsuite>