<?xml version="1.0" encoding="UTF-8"?>
<testsuite xmlns:xsi="http://www.w3.org/2001/XMLSchema-instance" xsi:noNamespaceSchemaLocation="https://maven.apache.org/surefire/maven-surefire-plugin/xsd/surefire-test-report-3.0.xsd" version="3.0" name="TestSuite" time="96.891" tests="52" errors="0" skipped="0" failures="0">
  <properties>
[...]
</properties>
  <testcase name="testArticleImageTwo" classname="com.askomdch.testcases.HomeTest" time="0.181">
    <system-out><![CDATA[THREAD ID IS: 23
THREAD ID IS: 25
THREAD ID IS: 24
THREAD ID IS: 26
THREAD ID IS: 27
]]></system-out>
    <system-err><![CDATA[SLF4J: Failed to load class "org.slf4j.impl.StaticLoggerBinder".
SLF4J: Defaulting to no-operation (NOP) logger implementation
SLF4J: See http://www.slf4j.org/codes.html#StaticLoggerBinder for further details.
Sep 29, 2023 2:36:08 PM org.openqa.selenium.devtools.CdpVersionFinder findNearestMatch
WARNING: Unable to find an exact match for CDP version 117, so returning the closest version found: 116
Sep 29, 2023 2:36:08 PM org.openqa.selenium.devtools.CdpVersionFinder findNearestMatch
WARNING: Unable to find an exact match for CDP version 117, so returning the closest version found: 116
Sep 29, 2023 2:36:08 PM org.openqa.selenium.devtools.CdpVersionFinder findNearestMatch
WARNING: Unable to find an exact match for CDP version 117, so returning the closest version found: 116
Sep 29, 2023 2:36:08 PM org.openqa.selenium.devtools.CdpVersionFinder findNearestMatch
WARNING: Unable to find an exact match for CDP version 117, so returning the closest version found: 116
Sep 29, 2023 2:36:08 PM org.openqa.selenium.devtools.CdpVersionFinder findNearestMatch
WARNING: Unable to find an exact match for CDP version 117, so returning the closest version found: 116
]]></system-err>
  </testcase>
  <testcase name="testArticleImageTwo" classname="com.askomdch.testcases.HomeTest" time="0.053"/>
  <testcase name="testArticleOneShopNowLinkHrefAttr" classname="com.askomdch.testcases.HomeTest" time="0.07"/>
  <testcase name="testArticleOneShopNowLinkHrefAttr" classname="com.askomdch.testcases.HomeTest" time="0.106"/>
  <testcase name="testArticleImageOne" classname="com.askomdch.testcases.HomeTest" time="0.034"/>
  <testcase name="testArticleImageOne" classname="com.askomdch.testcases.HomeTest" time="0.052">
    <system-out><![CDATA[THREAD ID IS: 328
THREAD ID IS: 326
THREAD ID IS: 330
THREAD ID IS: 329
THREAD ID IS: 327
]]></system-out>
  </testcase>
  <testcase name="testArticleOneHeaderText" classname="com.askomdch.testcases.HomeTest" time="0.048"/>
  <testcase name="testArticleOneHeaderText" classname="com.askomdch.testcases.HomeTest" time="0.01"/>
  <testcase name="testArticleOneParagraphText" classname="com.askomdch.testcases.HomeTest" time="0.054"/>
  <testcase name="testArticleOneParagraphText" classname="com.askomdch.testcases.HomeTest" time="0.046"/>
  <testcase name="testArticleTwoParagraphText" classname="com.askomdch.testcases.HomeTest" time="0.011">
    <system-out><![CDATA[THREAD ID IS: 24
THREAD ID IS: 27
THREAD ID IS: 23
THREAD ID IS: 25
THREAD ID IS: 26
]]></system-out>
    <system-err><![CDATA[Sep 29, 2023 2:36:12 PM org.openqa.selenium.devtools.CdpVersionFinder findNearestMatch
WARNING: Unable to find an exact match for CDP version 117, so returning the closest version found: 116
Sep 29, 2023 2:36:13 PM org.openqa.selenium.devtools.CdpVersionFinder findNearestMatch
WARNING: Unable to find an exact match for CDP version 117, so returning the closest version found: 116
Sep 29, 2023 2:36:14 PM org.openqa.selenium.devtools.CdpVersionFinder findNearestMatch
WARNING: Unable to find an exact match for CDP version 117, so returning the closest version found: 116
Sep 29, 2023 2:36:14 PM org.openqa.selenium.devtools.CdpVersionFinder findNearestMatch
WARNING: Unable to find an exact match for CDP version 117, so returning the closest version found: 116
Sep 29, 2023 2:36:14 PM org.openqa.selenium.devtools.CdpVersionFinder findNearestMatch
WARNING: Unable to find an exact match for CDP version 117, so returning the closest version found: 116
]]></system-err>
  </testcase>
  <testcase name="testArticleTwoParagraphText" classname="com.askomdch.testcases.HomeTest" time="0.084"/>
  <testcase name="testArticleTwoHeaderText" classname="com.askomdch.testcases.HomeTest" time="0.066"/>
  <testcase name="testArticleTwoHeaderText" classname="com.askomdch.testcases.HomeTest" time="0.087"/>
  <testcase name="testArticleOneShopNowLinkText" classname="com.askomdch.testcases.HomeTest" time="0.03"/>
  <testcase name="testArticleOneShopNowLinkText" classname="com.askomdch.testcases.HomeTest" time="0.052">
    <system-out><![CDATA[THREAD ID IS: 326
THREAD ID IS: 330
THREAD ID IS: 329
THREAD ID IS: 327
THREAD ID IS: 328
]]></system-out>
  </testcase>
  <testcase name="testArticleTwoShopNowLinkText" classname="com.askomdch.testcases.HomeTest" time="0.371"/>
  <testcase name="testArticleTwoShopNowLinkText" classname="com.askomdch.testcases.HomeTest" time="0.056"/>
  <testcase name="testArticleTwoShopNowLinkHrefAttr" classname="com.askomdch.testcases.HomeTest" time="0.066"/>
  <testcase name="testArticleTwoShopNowLinkHrefAttr" classname="com.askomdch.testcases.HomeTest" time="0.061"/>
  <testcase name="testClickingOnFindMoreLinkOpensContactUsPage" classname="com.askomdch.testcases.HomeTest" time="0.59">
    <system-out><![CDATA[THREAD ID IS: 23
THREAD ID IS: 27
THREAD ID IS: 24
THREAD ID IS: 26
THREAD ID IS: 25
]]></system-out>
    <system-err><![CDATA[Sep 29, 2023 2:36:18 PM org.openqa.selenium.devtools.CdpVersionFinder findNearestMatch
WARNING: Unable to find an exact match for CDP version 117, so returning the closest version found: 116
Sep 29, 2023 2:36:18 PM org.openqa.selenium.devtools.CdpVersionFinder findNearestMatch
WARNING: Unable to find an exact match for CDP version 117, so returning the closest version found: 116
Sep 29, 2023 2:36:18 PM org.openqa.selenium.devtools.CdpVersionFinder findNearestMatch
WARNING: Unable to find an exact match for CDP version 117, so returning the closest version found: 116
Sep 29, 2023 2:36:21 PM org.openqa.selenium.devtools.CdpVersionFinder findNearestMatch
WARNING: Unable to find an exact match for CDP version 117, so returning the closest version found: 116
Sep 29, 2023 2:36:21 PM org.openqa.selenium.devtools.CdpVersionFinder findNearestMatch
WARNING: Unable to find an exact match for CDP version 117, so returning the closest version found: 116
]]></system-err>
  </testcase>
  <testcase name="testClickingOnFindMoreLinkOpensContactUsPage" classname="com.askomdch.testcases.HomeTest" time="1.626">
    <system-out><![CDATA[THREAD ID IS: 326
THREAD ID IS: 330
THREAD ID IS: 329
THREAD ID IS: 328
]]></system-out>
  </testcase>
  <testcase name="testClickingOnShopNowLinkOpensProductCategoryMenPage" classname="com.askomdch.testcases.HomeTest" time="2.094"/>
  <testcase name="testClickingOnShopNowLinkOpensProductCategoryMenPage" classname="com.askomdch.testcases.HomeTest" time="0.283"/>
  <testcase name="testClickingOnShopNowLinkOpensProductCategoryWomenPage" classname="com.askomdch.testcases.HomeTest" time="0.166">
    <system-out><![CDATA[THREAD ID IS: 27
]]></system-out>
    <system-err><![CDATA[Sep 29, 2023 2:36:23 PM org.openqa.selenium.devtools.CdpVersionFinder findNearestMatch
WARNING: Unable to find an exact match for CDP version 117, so returning the closest version found: 116
]]></system-err>
  </testcase>
  <testcase name="testClickingOnShopNowLinkOpensProductCategoryWomenPage" classname="com.askomdch.testcases.HomeTest" time="0.24">
    <system-out><![CDATA[THREAD ID IS: 327
]]></system-out>
  </testcase>
  <testcase name="testEmptyCartText" classname="com.askomdch.testcases.HomeTest" time="0.25"/>
  <testcase name="testEmptyCartText" classname="com.askomdch.testcases.HomeTest" time="0.091"/>
  <testcase name="testFindMoreHrefAttr" classname="com.askomdch.testcases.HomeTest" time="0.056">
    <system-out><![CDATA[THREAD ID IS: 23
]]></system-out>
    <system-err><![CDATA[Sep 29, 2023 2:36:25 PM org.openqa.selenium.devtools.CdpVersionFinder findNearestMatch
WARNING: Unable to find an exact match for CDP version 117, so returning the closest version found: 116
]]></system-err>
  </testcase>
  <testcase name="testFindMoreHrefAttr" classname="com.askomdch.testcases.HomeTest" time="0.042">
    <system-out><![CDATA[THREAD ID IS: 327
]]></system-out>
  </testcase>
  <testcase name="testClickingOnShopNowLinkOpensStorePage" classname="com.askomdch.testcases.HomeTest" time="0.662">
    <system-err><![CDATA[Sep 29, 2023 2:36:27 PM org.openqa.selenium.devtools.CdpVersionFinder findNearestMatch
WARNING: Unable to find an exact match for CDP version 117, so returning the closest version found: 116
Sep 29, 2023 2:36:27 PM org.openqa.selenium.devtools.CdpVersionFinder findNearestMatch
WARNING: Unable to find an exact match for CDP version 117, so returning the closest version found: 116
]]></system-err>
  </testcase>
  <testcase name="testClickingOnShopNowLinkOpensStorePage" classname="com.askomdch.testcases.HomeTest" time="1.957"/>
  <testcase name="testLogoText" classname="com.askomdch.testcases.HomeTest" time="0.069">
    <system-out><![CDATA[THREAD ID IS: 24
THREAD ID IS: 25
]]></system-out>
  </testcase>
  <testcase name="testLogoText" classname="com.askomdch.testcases.HomeTest" time="0.052"/>
  <testcase name="testNavbarContentText" classname="com.askomdch.testcases.HomeTest" time="0.016">
    <system-out><![CDATA[THREAD ID IS: 27
]]></system-out>
    <system-err><![CDATA[Sep 29, 2023 2:36:29 PM org.openqa.selenium.devtools.CdpVersionFinder findNearestMatch
WARNING: Unable to find an exact match for CDP version 117, so returning the closest version found: 116
Sep 29, 2023 2:36:30 PM org.openqa.selenium.devtools.CdpVersionFinder findNearestMatch
WARNING: Unable to find an exact match for CDP version 117, so returning the closest version found: 116
]]></system-err>
  </testcase>
  <testcase name="testNavbarContentText" classname="com.askomdch.testcases.HomeTest" time="0.067"/>
  <testcase name="testFindMoreLinkText" classname="com.askomdch.testcases.HomeTest" time="0.07"/>
  <testcase name="testFindMoreLinkText" classname="com.askomdch.testcases.HomeTest" time="0.093">
    <system-out><![CDATA[THREAD ID IS: 330
THREAD ID IS: 326
THREAD ID IS: 329
]]></system-out>
  </testcase>
  <testcase name="testPageHeaderFontWeight" classname="com.askomdch.testcases.HomeTest" time="0.071">
    <system-out><![CDATA[THREAD ID IS: 26
]]></system-out>
    <system-err><![CDATA[Sep 29, 2023 2:36:31 PM org.openqa.selenium.devtools.CdpVersionFinder findNearestMatch
WARNING: Unable to find an exact match for CDP version 117, so returning the closest version found: 116
]]></system-err>
  </testcase>
  <testcase name="testPageHeaderFontWeight" classname="com.askomdch.testcases.HomeTest" time="0.031">
    <system-out><![CDATA[THREAD ID IS: 328
]]></system-out>
  </testcase>
  <testcase name="testPageHeaderText" classname="com.askomdch.testcases.HomeTest" time="0.093">
    <system-out><![CDATA[THREAD ID IS: 25
]]></system-out>
    <system-err><![CDATA[Sep 29, 2023 2:36:32 PM org.openqa.selenium.devtools.CdpVersionFinder findNearestMatch
WARNING: Unable to find an exact match for CDP version 117, so returning the closest version found: 116
Sep 29, 2023 2:36:32 PM org.openqa.selenium.devtools.CdpVersionFinder findNearestMatch
WARNING: Unable to find an exact match for CDP version 117, so returning the closest version found: 116
]]></system-err>
  </testcase>
  <testcase name="testPageHeaderText" classname="com.askomdch.testcases.HomeTest" time="0.068">
    <system-out><![CDATA[THREAD ID IS: 329
]]></system-out>
  </testcase>
  <testcase name="testShopNowHrefAttr" classname="com.askomdch.testcases.HomeTest" time="0.046">
    <system-out><![CDATA[THREAD ID IS: 24
THREAD ID IS: 23
]]></system-out>
    <system-err><![CDATA[Sep 29, 2023 2:36:34 PM org.openqa.selenium.devtools.CdpVersionFinder findNearestMatch
WARNING: Unable to find an exact match for CDP version 117, so returning the closest version found: 116
]]></system-err>
  </testcase>
  <testcase name="testShopNowHrefAttr" classname="com.askomdch.testcases.HomeTest" time="0.051"/>
  <testcase name="testPageSubHeaderText" classname="com.askomdch.testcases.HomeTest" time="0.047">
    <system-out><![CDATA[THREAD ID IS: 27
]]></system-out>
  </testcase>
  <testcase name="testPageSubHeaderText" classname="com.askomdch.testcases.HomeTest" time="0.058">
    <system-out><![CDATA[THREAD ID IS: 330
THREAD ID IS: 326
THREAD ID IS: 327
]]></system-out>
  </testcase>
  <testcase name="testShopNowLinkText" classname="com.askomdch.testcases.HomeTest" time="0.03">
    <system-out><![CDATA[THREAD ID IS: 26
]]></system-out>
    <system-err><![CDATA[Sep 29, 2023 2:36:35 PM org.openqa.selenium.devtools.CdpVersionFinder findNearestMatch
WARNING: Unable to find an exact match for CDP version 117, so returning the closest version found: 116
]]></system-err>
  </testcase>
  <testcase name="testShopNowLinkText" classname="com.askomdch.testcases.HomeTest" time="0.041">
    <system-out><![CDATA[THREAD ID IS: 328
]]></system-out>
  </testcase>
  <testcase name="testPageTitle" classname="com.askomdch.testcases.HomeTest" time="0.033"/>
  <testcase name="testPageTitle" classname="com.askomdch.testcases.HomeTest" time="0.003"/>
  <testcase name="testStoreHeaderText" classname="com.askomdch.testcases.HomeTest" time="0.95"/>
  <testcase name="testStoreHeaderText" classname="com.askomdch.testcases.HomeTest" time="1.814">
    <system-out><![CDATA[THREAD ID IS: 326
]]></system-out>
  </testcase>
</testsuite>